#
# A fatal error has been detected by the Java Runtime Environment:
#
#  SIGSEGV (0xb) at pc=0x00007fff38a2282d, pid=72587, tid=61963
#
# JRE version: OpenJDK Runtime Environment Temurin-21.0.6+7 (21.0.6+7) (build 21.0.6+7-LTS)
# Java VM: OpenJDK 64-Bit Server VM Temurin-21.0.6+7 (21.0.6+7-LTS, mixed mode, tiered, compressed oops, compressed class ptrs, g1 gc, bsd-amd64)
# Problematic frame:
# C  [CoreVideo+0x182d]  CVHWTime::reset()+0xd
#
# No core dump will be written. Core dumps have been disabled. To enable core dumping, try "ulimit -c unlimited" before starting Java again
#
# If you would like to submit a bug report, please visit:
#   https://github.com/adoptium/adoptium-support/issues
#

---------------  S U M M A R Y ------------

Command Line: Main

Host: "MacBookPro9,2" x86_64 2500 MHz, 4 cores, 16G, Darwin 19.6.0, macOS 10.15.7 (19H2026)
Time: Fri Mar 28 11:18:51 2025 EDT elapsed time: 218.318859 seconds (0d 0h 3m 38s)

---------------  T H R E A D  ---------------

Current thread is native thread

Stack: [0x000070000f4ec000,0x000070000f56c000],  sp=0x000070000f56be00,  free space=511k
Native frames: (J=compiled Java code, j=interpreted, Vv=VM code, C=native code)
C  [CoreVideo+0x182d]  CVHWTime::reset()+0xd
C  [CoreVideo+0x234a]  CVXTime::reset()+0x12
C  [CoreVideo+0x20c0]  CVDisplayLink::runIOThread()+0xba
C  [libsystem_pthread.dylib+0x6109]  _pthread_start+0x94
C  [libsystem_pthread.dylib+0x1b8b]  thread_start+0xf

siginfo: si_signo: 11 (SIGSEGV), si_code: 0 (unknown), si_addr: 0x0000000000000000

Registers:
RAX=0x0000000000000000, RBX=0x00007f8a96e987f0, RCX=0x9000000000000000, RDX=0x000000000000002c
RSP=0x000070000f56be00, RBP=0x000070000f56be00, RSI=0x0000000000000000, RDI=0x00007f8a96e987f8
R8 =0x0000000000012007, R9 =0x0000000000000000, R10=0x000000000000002c, R11=0x0000000000000206
R12=0x0000000000000000, R13=0x0000000000000000, R14=0x000000000000f20b, R15=0x0000000000000000
RIP=0x00007fff38a2282d, EFLAGS=0x0000000000010246, ERR=0x0000000000000000
  TRAPNO=0x000000000000000d


Top of Stack: (sp=0x000070000f56be00)
0x000070000f56be00:   000070000f56be20 00007fff38a2334a
0x000070000f56be10:   0000000000000016 00007f8a988c1a20
0x000070000f56be20:   000070000f56bfb0 00007fff38a230c0
0x000070000f56be30:   0000000000000000 0000000000000017
0x000070000f56be40:   0000000000000000 0000000000000000
0x000070000f56be50:   0000000000000000 0000000000000000
0x000070000f56be60:   0000000000000000 0000000000000000
0x000070000f56be70:   0000000000000000 0000000000000000
0x000070000f56be80:   0000000000000000 00007f8a988c1a38
0x000070000f56be90:   0000000000000000 00000002014044d0
0x000070000f56bea0:   00011b8b00000000 000001f80000d2c7
0x000070000f56beb0:   000001f800000014 000001f800000014
0x000070000f56bec0:   0000000000000014 65682d006176616a
0x000070000f56bed0:   000000007265706c 65682d006176616a
0x000070000f56bee0:   000000007265706c 0000000000000000
0x000070000f56bef0:   0000000000000000 00011b8b00000019
0x000070000f56bf00:   1000000100000001 0000000000011b8b
0x000070000f56bf10:   0000000067e6b80b 0000000000036a9b
0x000070000f56bf20:   00000002a3e89000 000000001702c000
0x000070000f56bf30:   0000004355ffc99d 0000000486766d8b
0x000070000f56bf40:   00000042c7347f6e 00000003d9e6d75c
0x000070000f56bf50:   00027dac00000001 0000031600000003
0x000070000f56bf60:   000440650004e8e2 000b94de000a07ac
0x000070000f56bf70:   000000220012dd35 0000001f00000003
0x000070000f56bf80:   f23823f8b68b00ec 000070000f56c000
0x000070000f56bf90:   0000000000000000 0000000000000000
0x000070000f56bfa0:   0000000000000000 0000000000000000
0x000070000f56bfb0:   000070000f56bfd0 00007fff70814109
0x000070000f56bfc0:   0000000000000000 0000000000000000
0x000070000f56bfd0:   000070000f56bff0 00007fff7080fb8b
0x000070000f56bfe0:   0000000000000000 0000000000000000
0x000070000f56bff0:   0000000000000000 0000000000000000 

Instructions: (pc=0x00007fff38a2282d)
0x00007fff38a2272d:   48 8d 4d b0 31 ff 45 31 c0 e8 95 33 03 00 48 89
0x00007fff38a2273d:   83 48 02 00 00 31 ff 48 89 c6 31 d2 e8 7c 33 03
0x00007fff38a2274d:   00 48 89 83 50 02 00 00 e8 c4 33 03 00 48 89 83
0x00007fff38a2275d:   58 02 00 00 48 8b b3 50 02 00 00 48 8b 0d 59 96
0x00007fff38a2276d:   c9 55 48 8b 11 48 89 c7 e8 9e 33 03 00 c6 43 10
0x00007fff38a2277d:   01 48 8b 05 f3 95 c9 55 48 8b 00 48 3b 45 e8 75
0x00007fff38a2278d:   0c 48 89 d8 48 83 c4 40 5b 41 5e 5d c3 e8 49 36
0x00007fff38a2279d:   03 00 48 89 c3 4c 89 f7 e8 c2 36 03 00 48 89 df
0x00007fff38a227ad:   e8 12 36 03 00 0f 0b 55 48 89 e5 41 56 53 48 89
0x00007fff38a227bd:   fb 48 89 37 4c 8d 77 08 4c 89 f7 e8 21 00 00 00
0x00007fff38a227cd:   31 c0 48 89 43 48 c7 43 50 00 00 00 00 48 89 43
0x00007fff38a227dd:   58 48 89 43 60 4c 89 f7 5b 41 5e 5d e9 32 00 00
0x00007fff38a227ed:   00 55 48 89 e5 48 89 37 48 8b 86 c8 01 00 00 48
0x00007fff38a227fd:   89 47 08 31 c0 48 89 47 10 48 89 47 18 48 89 47
0x00007fff38a2280d:   20 48 89 47 28 48 89 47 30 c7 47 38 00 00 00 00
0x00007fff38a2281d:   5d c3 90 55 48 89 e5 31 c0 48 89 47 28 48 8b 0f
0x00007fff38a2282d:   48 8b 89 c8 01 00 00 48 89 4f 08 48 89 47 30 c7
0x00007fff38a2283d:   47 38 00 00 00 00 48 89 47 10 48 89 47 18 48 89
0x00007fff38a2284d:   47 20 5d c3 90 55 48 89 e5 41 57 41 56 41 55 41
0x00007fff38a2285d:   54 53 48 83 ec 38 41 89 f7 49 89 fc c7 45 d0 00
0x00007fff38a2286d:   00 00 00 89 f7 e8 67 33 03 00 85 c0 0f 84 ae 00
0x00007fff38a2287d:   00 00 41 89 c5 31 db 41 0f a3 dd 72 07 ff c3 83
0x00007fff38a2288d:   fb 20 72 f3 4d 8d 74 24 18 4c 89 f7 e8 86 38 03
0x00007fff38a2289d:   00 41 8a 84 24 d0 01 00 00 88 45 d7 84 c0 74 1a
0x00007fff38a228ad:   4c 89 f7 e8 75 38 03 00 49 8b 04 24 4c 89 e7 ff
0x00007fff38a228bd:   50 68 4c 89 f7 e8 5d 38 03 00 45 89 bc 24 6c 05
0x00007fff38a228cd:   00 00 45 89 ac 24 70 05 00 00 89 d8 49 8b 84 c4
0x00007fff38a228dd:   68 03 00 00 49 89 84 24 78 05 00 00 48 85 c0 74
0x00007fff38a228ed:   4a 48 83 78 40 00 75 07 48 83 78 48 00 74 3c 41
0x00007fff38a228fd:   c6 84 24 8c 05 00 00 00 4d 8d ac 24 c0 01 00 00
0x00007fff38a2290d:   49 8d 84 24 b8 01 00 00 48 89 45 c8 31 c0 49 89
0x00007fff38a2291d:   84 24 b8 01 00 00 49 89 84 24 c0 01 00 00 eb 4b 



---------------  P R O C E S S  ---------------

VM state: not at safepoint (normal execution)

VM Mutex/Monitor currently owned by a thread: None

Heap address: 0x0000000700000000, size: 4096 MB, Compressed Oops mode: Zero based, Oop shift amount: 3

CDS archive(s) not mapped
Compressed class space mapped at: 0x0000000800000000-0x0000000840000000, reserved size: 1073741824
Narrow klass base: 0x0000000800000000, Narrow klass shift: 0, Narrow klass range: 0x40000000

GC Precious Log:
<Skipped>

Heap:
 garbage-first heap   total 264192K, used 157948K [0x0000000700000000, 0x0000000800000000)
  region size 2048K, 64 young (131072K), 1 survivors (2048K)
 Metaspace       used 15475K, committed 15680K, reserved 1114112K
  class space    used 1423K, committed 1536K, reserved 1048576K

Heap Regions: E=young(eden), S=young(survivor), O=old, HS=humongous(starts), HC=humongous(continues), CS=collection set, F=free, TAMS=top-at-mark-start, PB=parsable bottom
|   0|0x0000000700000000, 0x0000000700200000, 0x0000000700200000|100%|HS|  |TAMS 0x0000000700000000| PB 0x0000000700000000| Complete 
|   1|0x0000000700200000, 0x0000000700400000, 0x0000000700400000|100%|HC|  |TAMS 0x0000000700200000| PB 0x0000000700200000| Complete 
|   2|0x0000000700400000, 0x0000000700600000, 0x0000000700600000|100%|HC|  |TAMS 0x0000000700400000| PB 0x0000000700400000| Complete 
|   3|0x0000000700600000, 0x0000000700800000, 0x0000000700800000|100%|HC|  |TAMS 0x0000000700600000| PB 0x0000000700600000| Complete 
|   4|0x0000000700800000, 0x0000000700a00000, 0x0000000700a00000|100%|HC|  |TAMS 0x0000000700800000| PB 0x0000000700800000| Complete 
|   5|0x0000000700a00000, 0x0000000700c00000, 0x0000000700c00000|100%|HS|  |TAMS 0x0000000700a00000| PB 0x0000000700a00000| Complete 
|   6|0x0000000700c00000, 0x0000000700e00000, 0x0000000700e00000|100%|HC|  |TAMS 0x0000000700c00000| PB 0x0000000700c00000| Complete 
|   7|0x0000000700e00000, 0x0000000701000000, 0x0000000701000000|100%|HC|  |TAMS 0x0000000700e00000| PB 0x0000000700e00000| Complete 
|   8|0x0000000701000000, 0x0000000701200000, 0x0000000701200000|100%|HC|  |TAMS 0x0000000701000000| PB 0x0000000701000000| Complete 
|   9|0x0000000701200000, 0x0000000701400000, 0x0000000701400000|100%|HC|  |TAMS 0x0000000701200000| PB 0x0000000701200000| Complete 
|  10|0x0000000701400000, 0x0000000701600000, 0x0000000701600000|100%| O|  |TAMS 0x0000000701400000| PB 0x0000000701400000| Untracked 
|  11|0x0000000701600000, 0x00000007017bddb0, 0x0000000701800000| 87%| O|  |TAMS 0x0000000701600000| PB 0x0000000701600000| Untracked 
|  12|0x0000000701800000, 0x0000000701a00000, 0x0000000701a00000|100%| O|  |TAMS 0x0000000701800000| PB 0x0000000701800000| Untracked 
|  13|0x0000000701a00000, 0x0000000701c00000, 0x0000000701c00000|100%| O|  |TAMS 0x0000000701a00000| PB 0x0000000701a00000| Untracked 
|  14|0x0000000701c00000, 0x0000000701c00000, 0x0000000701e00000|  0%| F|  |TAMS 0x0000000701c00000| PB 0x0000000701c00000| Untracked 
|  15|0x0000000701e00000, 0x0000000701e00000, 0x0000000702000000|  0%| F|  |TAMS 0x0000000701e00000| PB 0x0000000701e00000| Untracked 
|  16|0x0000000702000000, 0x0000000702000000, 0x0000000702200000|  0%| F|  |TAMS 0x0000000702000000| PB 0x0000000702000000| Untracked 
|  17|0x0000000702200000, 0x0000000702200000, 0x0000000702400000|  0%| F|  |TAMS 0x0000000702200000| PB 0x0000000702200000| Untracked 
|  18|0x0000000702400000, 0x0000000702400000, 0x0000000702600000|  0%| F|  |TAMS 0x0000000702400000| PB 0x0000000702400000| Untracked 
|  19|0x0000000702600000, 0x0000000702600000, 0x0000000702800000|  0%| F|  |TAMS 0x0000000702600000| PB 0x0000000702600000| Untracked 
|  20|0x0000000702800000, 0x0000000702800000, 0x0000000702a00000|  0%| F|  |TAMS 0x0000000702800000| PB 0x0000000702800000| Untracked 
|  21|0x0000000702a00000, 0x0000000702a00000, 0x0000000702c00000|  0%| F|  |TAMS 0x0000000702a00000| PB 0x0000000702a00000| Untracked 
|  22|0x0000000702c00000, 0x0000000702c00000, 0x0000000702e00000|  0%| F|  |TAMS 0x0000000702c00000| PB 0x0000000702c00000| Untracked 
|  23|0x0000000702e00000, 0x0000000702e00000, 0x0000000703000000|  0%| F|  |TAMS 0x0000000702e00000| PB 0x0000000702e00000| Untracked 
|  24|0x0000000703000000, 0x0000000703000000, 0x0000000703200000|  0%| F|  |TAMS 0x0000000703000000| PB 0x0000000703000000| Untracked 
|  25|0x0000000703200000, 0x0000000703200000, 0x0000000703400000|  0%| F|  |TAMS 0x0000000703200000| PB 0x0000000703200000| Untracked 
|  26|0x0000000703400000, 0x0000000703400000, 0x0000000703600000|  0%| F|  |TAMS 0x0000000703400000| PB 0x0000000703400000| Untracked 
|  27|0x0000000703600000, 0x0000000703600000, 0x0000000703800000|  0%| F|  |TAMS 0x0000000703600000| PB 0x0000000703600000| Untracked 
|  28|0x0000000703800000, 0x0000000703800000, 0x0000000703a00000|  0%| F|  |TAMS 0x0000000703800000| PB 0x0000000703800000| Untracked 
|  29|0x0000000703a00000, 0x0000000703a00000, 0x0000000703c00000|  0%| F|  |TAMS 0x0000000703a00000| PB 0x0000000703a00000| Untracked 
|  30|0x0000000703c00000, 0x0000000703c00000, 0x0000000703e00000|  0%| F|  |TAMS 0x0000000703c00000| PB 0x0000000703c00000| Untracked 
|  31|0x0000000703e00000, 0x0000000703e00000, 0x0000000704000000|  0%| F|  |TAMS 0x0000000703e00000| PB 0x0000000703e00000| Untracked 
|  32|0x0000000704000000, 0x0000000704000000, 0x0000000704200000|  0%| F|  |TAMS 0x0000000704000000| PB 0x0000000704000000| Untracked 
|  33|0x0000000704200000, 0x0000000704200000, 0x0000000704400000|  0%| F|  |TAMS 0x0000000704200000| PB 0x0000000704200000| Untracked 
|  34|0x0000000704400000, 0x0000000704400000, 0x0000000704600000|  0%| F|  |TAMS 0x0000000704400000| PB 0x0000000704400000| Untracked 
|  35|0x0000000704600000, 0x0000000704600000, 0x0000000704800000|  0%| F|  |TAMS 0x0000000704600000| PB 0x0000000704600000| Untracked 
|  36|0x0000000704800000, 0x0000000704800000, 0x0000000704a00000|  0%| F|  |TAMS 0x0000000704800000| PB 0x0000000704800000| Untracked 
|  37|0x0000000704a00000, 0x0000000704a00000, 0x0000000704c00000|  0%| F|  |TAMS 0x0000000704a00000| PB 0x0000000704a00000| Untracked 
|  38|0x0000000704c00000, 0x0000000704c00000, 0x0000000704e00000|  0%| F|  |TAMS 0x0000000704c00000| PB 0x0000000704c00000| Untracked 
|  39|0x0000000704e00000, 0x0000000704e00000, 0x0000000705000000|  0%| F|  |TAMS 0x0000000704e00000| PB 0x0000000704e00000| Untracked 
|  40|0x0000000705000000, 0x0000000705000000, 0x0000000705200000|  0%| F|  |TAMS 0x0000000705000000| PB 0x0000000705000000| Untracked 
|  41|0x0000000705200000, 0x0000000705200000, 0x0000000705400000|  0%| F|  |TAMS 0x0000000705200000| PB 0x0000000705200000| Untracked 
|  42|0x0000000705400000, 0x0000000705400000, 0x0000000705600000|  0%| F|  |TAMS 0x0000000705400000| PB 0x0000000705400000| Untracked 
|  43|0x0000000705600000, 0x0000000705600000, 0x0000000705800000|  0%| F|  |TAMS 0x0000000705600000| PB 0x0000000705600000| Untracked 
|  44|0x0000000705800000, 0x0000000705800000, 0x0000000705a00000|  0%| F|  |TAMS 0x0000000705800000| PB 0x0000000705800000| Untracked 
|  45|0x0000000705a00000, 0x0000000705a00000, 0x0000000705c00000|  0%| F|  |TAMS 0x0000000705a00000| PB 0x0000000705a00000| Untracked 
|  46|0x0000000705c00000, 0x0000000705c00000, 0x0000000705e00000|  0%| F|  |TAMS 0x0000000705c00000| PB 0x0000000705c00000| Untracked 
|  47|0x0000000705e00000, 0x0000000705e00000, 0x0000000706000000|  0%| F|  |TAMS 0x0000000705e00000| PB 0x0000000705e00000| Untracked 
|  48|0x0000000706000000, 0x0000000706000000, 0x0000000706200000|  0%| F|  |TAMS 0x0000000706000000| PB 0x0000000706000000| Untracked 
|  49|0x0000000706200000, 0x0000000706200000, 0x0000000706400000|  0%| F|  |TAMS 0x0000000706200000| PB 0x0000000706200000| Untracked 
|  50|0x0000000706400000, 0x0000000706400000, 0x0000000706600000|  0%| F|  |TAMS 0x0000000706400000| PB 0x0000000706400000| Untracked 
|  51|0x0000000706600000, 0x0000000706600000, 0x0000000706800000|  0%| F|  |TAMS 0x0000000706600000| PB 0x0000000706600000| Untracked 
|  52|0x0000000706800000, 0x00000007068c6370, 0x0000000706a00000| 38%| S|CS|TAMS 0x0000000706800000| PB 0x0000000706800000| Complete 
|  53|0x0000000706a00000, 0x0000000706a00000, 0x0000000706c00000|  0%| F|  |TAMS 0x0000000706a00000| PB 0x0000000706a00000| Untracked 
|  54|0x0000000706c00000, 0x0000000706c00000, 0x0000000706e00000|  0%| F|  |TAMS 0x0000000706c00000| PB 0x0000000706c00000| Untracked 
|  55|0x0000000706e00000, 0x0000000706e00000, 0x0000000707000000|  0%| F|  |TAMS 0x0000000706e00000| PB 0x0000000706e00000| Untracked 
|  56|0x0000000707000000, 0x0000000707000000, 0x0000000707200000|  0%| F|  |TAMS 0x0000000707000000| PB 0x0000000707000000| Untracked 
|  57|0x0000000707200000, 0x0000000707200000, 0x0000000707400000|  0%| F|  |TAMS 0x0000000707200000| PB 0x0000000707200000| Untracked 
|  58|0x0000000707400000, 0x0000000707400000, 0x0000000707600000|  0%| F|  |TAMS 0x0000000707400000| PB 0x0000000707400000| Untracked 
|  59|0x0000000707600000, 0x0000000707600000, 0x0000000707800000|  0%| F|  |TAMS 0x0000000707600000| PB 0x0000000707600000| Untracked 
|  60|0x0000000707800000, 0x0000000707800000, 0x0000000707a00000|  0%| F|  |TAMS 0x0000000707800000| PB 0x0000000707800000| Untracked 
|  61|0x0000000707a00000, 0x0000000707a00000, 0x0000000707c00000|  0%| F|  |TAMS 0x0000000707a00000| PB 0x0000000707a00000| Untracked 
|  62|0x0000000707c00000, 0x0000000707c00000, 0x0000000707e00000|  0%| F|  |TAMS 0x0000000707c00000| PB 0x0000000707c00000| Untracked 
|  63|0x0000000707e00000, 0x0000000707e00000, 0x0000000708000000|  0%| F|  |TAMS 0x0000000707e00000| PB 0x0000000707e00000| Untracked 
|  64|0x0000000708000000, 0x0000000708000000, 0x0000000708200000|  0%| F|  |TAMS 0x0000000708000000| PB 0x0000000708000000| Untracked 
|  65|0x0000000708200000, 0x0000000708200000, 0x0000000708400000|  0%| F|  |TAMS 0x0000000708200000| PB 0x0000000708200000| Untracked 
|  66|0x0000000708400000, 0x00000007085bb138, 0x0000000708600000| 86%| E|  |TAMS 0x0000000708400000| PB 0x0000000708400000| Complete 
|  67|0x0000000708600000, 0x0000000708800000, 0x0000000708800000|100%| E|CS|TAMS 0x0000000708600000| PB 0x0000000708600000| Complete 
|  68|0x0000000708800000, 0x0000000708a00000, 0x0000000708a00000|100%| E|CS|TAMS 0x0000000708800000| PB 0x0000000708800000| Complete 
|  69|0x0000000708a00000, 0x0000000708c00000, 0x0000000708c00000|100%| E|CS|TAMS 0x0000000708a00000| PB 0x0000000708a00000| Complete 
|  70|0x0000000708c00000, 0x0000000708e00000, 0x0000000708e00000|100%| E|CS|TAMS 0x0000000708c00000| PB 0x0000000708c00000| Complete 
|  71|0x0000000708e00000, 0x0000000709000000, 0x0000000709000000|100%| E|CS|TAMS 0x0000000708e00000| PB 0x0000000708e00000| Complete 
|  72|0x0000000709000000, 0x0000000709200000, 0x0000000709200000|100%| E|CS|TAMS 0x0000000709000000| PB 0x0000000709000000| Complete 
|  73|0x0000000709200000, 0x0000000709400000, 0x0000000709400000|100%| E|CS|TAMS 0x0000000709200000| PB 0x0000000709200000| Complete 
|  74|0x0000000709400000, 0x0000000709600000, 0x0000000709600000|100%| E|CS|TAMS 0x0000000709400000| PB 0x0000000709400000| Complete 
|  75|0x0000000709600000, 0x0000000709800000, 0x0000000709800000|100%| E|CS|TAMS 0x0000000709600000| PB 0x0000000709600000| Complete 
|  76|0x0000000709800000, 0x0000000709a00000, 0x0000000709a00000|100%| E|CS|TAMS 0x0000000709800000| PB 0x0000000709800000| Complete 
|  77|0x0000000709a00000, 0x0000000709c00000, 0x0000000709c00000|100%| E|CS|TAMS 0x0000000709a00000| PB 0x0000000709a00000| Complete 
|  78|0x0000000709c00000, 0x0000000709e00000, 0x0000000709e00000|100%| E|CS|TAMS 0x0000000709c00000| PB 0x0000000709c00000| Complete 
|  79|0x0000000709e00000, 0x000000070a000000, 0x000000070a000000|100%| E|CS|TAMS 0x0000000709e00000| PB 0x0000000709e00000| Complete 
|  80|0x000000070a000000, 0x000000070a200000, 0x000000070a200000|100%| E|CS|TAMS 0x000000070a000000| PB 0x000000070a000000| Complete 
|  81|0x000000070a200000, 0x000000070a400000, 0x000000070a400000|100%| E|CS|TAMS 0x000000070a200000| PB 0x000000070a200000| Complete 
|  82|0x000000070a400000, 0x000000070a600000, 0x000000070a600000|100%| E|CS|TAMS 0x000000070a400000| PB 0x000000070a400000| Complete 
|  83|0x000000070a600000, 0x000000070a800000, 0x000000070a800000|100%| E|CS|TAMS 0x000000070a600000| PB 0x000000070a600000| Complete 
|  84|0x000000070a800000, 0x000000070aa00000, 0x000000070aa00000|100%| E|CS|TAMS 0x000000070a800000| PB 0x000000070a800000| Complete 
|  85|0x000000070aa00000, 0x000000070ac00000, 0x000000070ac00000|100%| E|CS|TAMS 0x000000070aa00000| PB 0x000000070aa00000| Complete 
|  86|0x000000070ac00000, 0x000000070ae00000, 0x000000070ae00000|100%| E|CS|TAMS 0x000000070ac00000| PB 0x000000070ac00000| Complete 
|  87|0x000000070ae00000, 0x000000070b000000, 0x000000070b000000|100%| E|CS|TAMS 0x000000070ae00000| PB 0x000000070ae00000| Complete 
|  88|0x000000070b000000, 0x000000070b200000, 0x000000070b200000|100%| E|CS|TAMS 0x000000070b000000| PB 0x000000070b000000| Complete 
|  89|0x000000070b200000, 0x000000070b400000, 0x000000070b400000|100%| E|CS|TAMS 0x000000070b200000| PB 0x000000070b200000| Complete 
|  90|0x000000070b400000, 0x000000070b600000, 0x000000070b600000|100%| E|CS|TAMS 0x000000070b400000| PB 0x000000070b400000| Complete 
|  91|0x000000070b600000, 0x000000070b800000, 0x000000070b800000|100%| E|CS|TAMS 0x000000070b600000| PB 0x000000070b600000| Complete 
|  92|0x000000070b800000, 0x000000070ba00000, 0x000000070ba00000|100%| E|CS|TAMS 0x000000070b800000| PB 0x000000070b800000| Complete 
|  93|0x000000070ba00000, 0x000000070bc00000, 0x000000070bc00000|100%| E|CS|TAMS 0x000000070ba00000| PB 0x000000070ba00000| Complete 
|  94|0x000000070bc00000, 0x000000070be00000, 0x000000070be00000|100%| E|CS|TAMS 0x000000070bc00000| PB 0x000000070bc00000| Complete 
|  95|0x000000070be00000, 0x000000070c000000, 0x000000070c000000|100%| E|CS|TAMS 0x000000070be00000| PB 0x000000070be00000| Complete 
|  96|0x000000070c000000, 0x000000070c200000, 0x000000070c200000|100%| E|CS|TAMS 0x000000070c000000| PB 0x000000070c000000| Complete 
|  97|0x000000070c200000, 0x000000070c400000, 0x000000070c400000|100%| E|CS|TAMS 0x000000070c200000| PB 0x000000070c200000| Complete 
|  98|0x000000070c400000, 0x000000070c600000, 0x000000070c600000|100%| E|CS|TAMS 0x000000070c400000| PB 0x000000070c400000| Complete 
|  99|0x000000070c600000, 0x000000070c800000, 0x000000070c800000|100%| E|CS|TAMS 0x000000070c600000| PB 0x000000070c600000| Complete 
| 100|0x000000070c800000, 0x000000070ca00000, 0x000000070ca00000|100%| E|CS|TAMS 0x000000070c800000| PB 0x000000070c800000| Complete 
| 101|0x000000070ca00000, 0x000000070cc00000, 0x000000070cc00000|100%| E|CS|TAMS 0x000000070ca00000| PB 0x000000070ca00000| Complete 
| 102|0x000000070cc00000, 0x000000070ce00000, 0x000000070ce00000|100%| E|CS|TAMS 0x000000070cc00000| PB 0x000000070cc00000| Complete 
| 103|0x000000070ce00000, 0x000000070d000000, 0x000000070d000000|100%| E|CS|TAMS 0x000000070ce00000| PB 0x000000070ce00000| Complete 
| 104|0x000000070d000000, 0x000000070d200000, 0x000000070d200000|100%| E|CS|TAMS 0x000000070d000000| PB 0x000000070d000000| Complete 
| 105|0x000000070d200000, 0x000000070d400000, 0x000000070d400000|100%| E|CS|TAMS 0x000000070d200000| PB 0x000000070d200000| Complete 
| 106|0x000000070d400000, 0x000000070d600000, 0x000000070d600000|100%| E|CS|TAMS 0x000000070d400000| PB 0x000000070d400000| Complete 
| 107|0x000000070d600000, 0x000000070d800000, 0x000000070d800000|100%| E|CS|TAMS 0x000000070d600000| PB 0x000000070d600000| Complete 
| 108|0x000000070d800000, 0x000000070da00000, 0x000000070da00000|100%| E|CS|TAMS 0x000000070d800000| PB 0x000000070d800000| Complete 
| 109|0x000000070da00000, 0x000000070dc00000, 0x000000070dc00000|100%| E|CS|TAMS 0x000000070da00000| PB 0x000000070da00000| Complete 
| 110|0x000000070dc00000, 0x000000070de00000, 0x000000070de00000|100%| E|CS|TAMS 0x000000070dc00000| PB 0x000000070dc00000| Complete 
| 111|0x000000070de00000, 0x000000070e000000, 0x000000070e000000|100%| E|CS|TAMS 0x000000070de00000| PB 0x000000070de00000| Complete 
| 112|0x000000070e000000, 0x000000070e200000, 0x000000070e200000|100%| E|CS|TAMS 0x000000070e000000| PB 0x000000070e000000| Complete 
| 113|0x000000070e200000, 0x000000070e400000, 0x000000070e400000|100%| E|CS|TAMS 0x000000070e200000| PB 0x000000070e200000| Complete 
| 114|0x000000070e400000, 0x000000070e600000, 0x000000070e600000|100%| E|CS|TAMS 0x000000070e400000| PB 0x000000070e400000| Complete 
| 115|0x000000070e600000, 0x000000070e800000, 0x000000070e800000|100%| E|CS|TAMS 0x000000070e600000| PB 0x000000070e600000| Complete 
| 116|0x000000070e800000, 0x000000070ea00000, 0x000000070ea00000|100%| E|CS|TAMS 0x000000070e800000| PB 0x000000070e800000| Complete 
| 117|0x000000070ea00000, 0x000000070ec00000, 0x000000070ec00000|100%| E|CS|TAMS 0x000000070ea00000| PB 0x000000070ea00000| Complete 
| 118|0x000000070ec00000, 0x000000070ee00000, 0x000000070ee00000|100%| E|CS|TAMS 0x000000070ec00000| PB 0x000000070ec00000| Complete 
| 119|0x000000070ee00000, 0x000000070f000000, 0x000000070f000000|100%| E|CS|TAMS 0x000000070ee00000| PB 0x000000070ee00000| Complete 
| 120|0x000000070f000000, 0x000000070f200000, 0x000000070f200000|100%| E|CS|TAMS 0x000000070f000000| PB 0x000000070f000000| Complete 
| 121|0x000000070f200000, 0x000000070f400000, 0x000000070f400000|100%| E|CS|TAMS 0x000000070f200000| PB 0x000000070f200000| Complete 
| 122|0x000000070f400000, 0x000000070f600000, 0x000000070f600000|100%| E|CS|TAMS 0x000000070f400000| PB 0x000000070f400000| Complete 
| 123|0x000000070f600000, 0x000000070f800000, 0x000000070f800000|100%| E|CS|TAMS 0x000000070f600000| PB 0x000000070f600000| Complete 
| 124|0x000000070f800000, 0x000000070fa00000, 0x000000070fa00000|100%| E|CS|TAMS 0x000000070f800000| PB 0x000000070f800000| Complete 
| 125|0x000000070fa00000, 0x000000070fc00000, 0x000000070fc00000|100%| E|CS|TAMS 0x000000070fa00000| PB 0x000000070fa00000| Complete 
| 126|0x000000070fc00000, 0x000000070fe00000, 0x000000070fe00000|100%| E|CS|TAMS 0x000000070fc00000| PB 0x000000070fc00000| Complete 
| 127|0x000000070fe00000, 0x0000000710000000, 0x0000000710000000|100%| E|CS|TAMS 0x000000070fe00000| PB 0x000000070fe00000| Complete 
| 128|0x0000000710000000, 0x0000000710200000, 0x0000000710200000|100%| E|CS|TAMS 0x0000000710000000| PB 0x0000000710000000| Complete 

Card table byte_map: [0x000000011d044000,0x000000011d844000] _byte_map_base: 0x0000000119844000

Marking Bits: (CMBitMap*) 0x00007f8a97009210
 Bits: [0x000000011d844000, 0x0000000121844000)

Polling page: 0x0000000102cd0000

Metaspace:

Usage:
  Non-class:     13.72 MB used.
      Class:      1.39 MB used.
       Both:     15.11 MB used.

Virtual space:
  Non-class space:       64.00 MB reserved,      13.81 MB ( 22%) committed,  1 nodes.
      Class space:        1.00 GB reserved,       1.50 MB ( <1%) committed,  1 nodes.
             Both:        1.06 GB reserved,      15.31 MB (  1%) committed. 

Chunk freelists:
   Non-Class:  2.14 MB
       Class:  14.52 MB
        Both:  16.66 MB

MaxMetaspaceSize: unlimited
CompressedClassSpaceSize: 1.00 GB
Initial GC threshold: 21.00 MB
Current GC threshold: 21.00 MB
CDS: off
 - commit_granule_bytes: 65536.
 - commit_granule_words: 8192.
 - virtual_space_node_default_size: 8388608.
 - enlarge_chunks_in_place: 1.
 - use_allocation_guard: 0.


Internal statistics:

num_allocs_failed_limit: 0.
num_arena_births: 200.
num_arena_deaths: 0.
num_vsnodes_births: 2.
num_vsnodes_deaths: 0.
num_space_committed: 245.
num_space_uncommitted: 0.
num_chunks_returned_to_freelist: 0.
num_chunks_taken_from_freelist: 333.
num_chunk_merges: 0.
num_chunk_splits: 164.
num_chunks_enlarged: 30.
num_inconsistent_stats: 0.

CodeHeap 'non-profiled nmethods': size=120032Kb used=2363Kb max_used=2363Kb free=117668Kb
 bounds [0x000000011530c000, 0x000000011557c000, 0x000000011c844000]
CodeHeap 'profiled nmethods': size=120028Kb used=4662Kb max_used=4662Kb free=115365Kb
 bounds [0x000000010d844000, 0x000000010dcd4000, 0x0000000114d7b000]
CodeHeap 'non-nmethods': size=5700Kb used=1547Kb max_used=1591Kb free=4152Kb
 bounds [0x0000000114d7b000, 0x0000000114feb000, 0x000000011530c000]
 total_blobs=2765 nmethods=2130 adapters=541
 compilation: enabled
              stopped_count=0, restarted_count=0
 full_count=0

Compilation events (20 events):
Event: 177.576 Thread 0x00007f8a9704ae00 2121       4       Main::updateTimerCounter (26 bytes)
Event: 177.577 Thread 0x00007f8a9704ae00 nmethod 2121 0x0000000115558e10 code [0x0000000115558fa0, 0x0000000115559110]
Event: 179.050 Thread 0x00007f8a9704b600 2122       3       Memory::updateRTC (236 bytes)
Event: 179.051 Thread 0x00007f8a9704b600 nmethod 2122 0x000000010dccd810 code [0x000000010dccda00, 0x000000010dcce060]
Event: 179.333 Thread 0x00007f8a9704b600 2123       3       Memory::setMemory (604 bytes)
Event: 179.335 Thread 0x00007f8a9704b600 nmethod 2123 0x000000010dcce290 code [0x000000010dcce640, 0x000000010dccf9d8]
Event: 179.336 Thread 0x00007f8a9704ae00 2124       4       Memory::setMemory (604 bytes)
Event: 179.348 Thread 0x00007f8a9704ae00 nmethod 2124 0x0000000115559290 code [0x0000000115559540, 0x0000000115559e08]
Event: 183.739 Thread 0x00007f8a9704ae00 2125       4       javax.swing.JComponent::getInputMap (143 bytes)
Event: 183.740 Thread 0x00007f8a9704ae00 nmethod 2125 0x000000011555a510 code [0x000000011555a6a0, 0x000000011555a7d8]
Event: 183.842 Thread 0x00007f8a9704ae00 2126       4       javax.swing.JComponent::processKeyBinding (78 bytes)
Event: 183.845 Thread 0x00007f8a9704ae00 nmethod 2126 0x000000011555a910 code [0x000000011555aaa0, 0x000000011555aca8]
Event: 193.411 Thread 0x00007f8a9704b600 2127       3       java.util.ArrayList$Itr::next (66 bytes)
Event: 193.411 Thread 0x00007f8a9704b600 nmethod 2127 0x000000010dccff90 code [0x000000010dcd0180, 0x000000010dcd0540]
Event: 193.411 Thread 0x00007f8a9704b600 2128       3       java.util.ArrayList$Itr::checkForComodification (23 bytes)
Event: 193.412 Thread 0x00007f8a9704b600 nmethod 2128 0x000000010dcd0710 code [0x000000010dcd08c0, 0x000000010dcd0a80]
Event: 193.412 Thread 0x00007f8a9704b600 2129       3       java.awt.Component::inside (30 bytes)
Event: 193.412 Thread 0x00007f8a9704b600 nmethod 2129 0x000000010dcd0b90 code [0x000000010dcd0d20, 0x000000010dcd0f08]
Event: 193.446 Thread 0x00007f8a9704b600 2130       3       javax.swing.JComponent::contains (27 bytes)
Event: 193.446 Thread 0x00007f8a9704b600 nmethod 2130 0x000000010dcd0f90 code [0x000000010dcd1160, 0x000000010dcd1778]

GC Heap History (20 events):
Event: 211.438 GC heap before
{Heap before GC invocations=854 (full 0):
 garbage-first heap   total 262144K, used 182764K [0x0000000700000000, 0x0000000800000000)
  region size 2048K, 76 young (155648K), 1 survivors (2048K)
 Metaspace       used 15475K, committed 15680K, reserved 1114112K
  class space    used 1423K, committed 1536K, reserved 1048576K
}
Event: 211.440 GC heap after
{Heap after GC invocations=855 (full 0):
 garbage-first heap   total 262144K, used 29200K [0x0000000700000000, 0x0000000800000000)
  region size 2048K, 1 young (2048K), 1 survivors (2048K)
 Metaspace       used 15475K, committed 15680K, reserved 1114112K
  class space    used 1423K, committed 1536K, reserved 1048576K
}
Event: 215.234 GC heap before
{Heap before GC invocations=855 (full 0):
 garbage-first heap   total 262144K, used 260624K [0x0000000700000000, 0x0000000800000000)
  region size 2048K, 114 young (233472K), 1 survivors (2048K)
 Metaspace       used 15475K, committed 15680K, reserved 1114112K
  class space    used 1423K, committed 1536K, reserved 1048576K
}
Event: 215.245 GC heap after
{Heap after GC invocations=856 (full 0):
 garbage-first heap   total 264192K, used 29236K [0x0000000700000000, 0x0000000800000000)
  region size 2048K, 1 young (2048K), 1 survivors (2048K)
 Metaspace       used 15475K, committed 15680K, reserved 1114112K
  class space    used 1423K, committed 1536K, reserved 1048576K
}
Event: 215.546 GC heap before
{Heap before GC invocations=856 (full 0):
 garbage-first heap   total 264192K, used 184884K [0x0000000700000000, 0x0000000800000000)
  region size 2048K, 77 young (157696K), 1 survivors (2048K)
 Metaspace       used 15475K, committed 15680K, reserved 1114112K
  class space    used 1423K, committed 1536K, reserved 1048576K
}
Event: 215.547 GC heap after
{Heap after GC invocations=857 (full 0):
 garbage-first heap   total 264192K, used 29238K [0x0000000700000000, 0x0000000800000000)
  region size 2048K, 1 young (2048K), 1 survivors (2048K)
 Metaspace       used 15475K, committed 15680K, reserved 1114112K
  class space    used 1423K, committed 1536K, reserved 1048576K
}
Event: 215.791 GC heap before
{Heap before GC invocations=857 (full 0):
 garbage-first heap   total 264192K, used 184886K [0x0000000700000000, 0x0000000800000000)
  region size 2048K, 77 young (157696K), 1 survivors (2048K)
 Metaspace       used 15475K, committed 15680K, reserved 1114112K
  class space    used 1423K, committed 1536K, reserved 1048576K
}
Event: 215.792 GC heap after
{Heap after GC invocations=858 (full 0):
 garbage-first heap   total 264192K, used 29201K [0x0000000700000000, 0x0000000800000000)
  region size 2048K, 1 young (2048K), 1 survivors (2048K)
 Metaspace       used 15475K, committed 15680K, reserved 1114112K
  class space    used 1423K, committed 1536K, reserved 1048576K
}
Event: 216.033 GC heap before
{Heap before GC invocations=858 (full 0):
 garbage-first heap   total 264192K, used 184849K [0x0000000700000000, 0x0000000800000000)
  region size 2048K, 77 young (157696K), 1 survivors (2048K)
 Metaspace       used 15475K, committed 15680K, reserved 1114112K
  class space    used 1423K, committed 1536K, reserved 1048576K
}
Event: 216.035 GC heap after
{Heap after GC invocations=859 (full 0):
 garbage-first heap   total 264192K, used 29165K [0x0000000700000000, 0x0000000800000000)
  region size 2048K, 1 young (2048K), 1 survivors (2048K)
 Metaspace       used 15475K, committed 15680K, reserved 1114112K
  class space    used 1423K, committed 1536K, reserved 1048576K
}
Event: 216.276 GC heap before
{Heap before GC invocations=859 (full 0):
 garbage-first heap   total 264192K, used 184813K [0x0000000700000000, 0x0000000800000000)
  region size 2048K, 77 young (157696K), 1 survivors (2048K)
 Metaspace       used 15475K, committed 15680K, reserved 1114112K
  class space    used 1423K, committed 1536K, reserved 1048576K
}
Event: 216.277 GC heap after
{Heap after GC invocations=860 (full 0):
 garbage-first heap   total 264192K, used 29164K [0x0000000700000000, 0x0000000800000000)
  region size 2048K, 1 young (2048K), 1 survivors (2048K)
 Metaspace       used 15475K, committed 15680K, reserved 1114112K
  class space    used 1423K, committed 1536K, reserved 1048576K
}
Event: 216.527 GC heap before
{Heap before GC invocations=860 (full 0):
 garbage-first heap   total 264192K, used 184812K [0x0000000700000000, 0x0000000800000000)
  region size 2048K, 77 young (157696K), 1 survivors (2048K)
 Metaspace       used 15475K, committed 15680K, reserved 1114112K
  class space    used 1423K, committed 1536K, reserved 1048576K
}
Event: 216.528 GC heap after
{Heap after GC invocations=861 (full 0):
 garbage-first heap   total 264192K, used 29236K [0x0000000700000000, 0x0000000800000000)
  region size 2048K, 1 young (2048K), 1 survivors (2048K)
 Metaspace       used 15475K, committed 15680K, reserved 1114112K
  class space    used 1423K, committed 1536K, reserved 1048576K
}
Event: 216.768 GC heap before
{Heap before GC invocations=861 (full 0):
 garbage-first heap   total 264192K, used 184884K [0x0000000700000000, 0x0000000800000000)
  region size 2048K, 77 young (157696K), 1 survivors (2048K)
 Metaspace       used 15475K, committed 15680K, reserved 1114112K
  class space    used 1423K, committed 1536K, reserved 1048576K
}
Event: 216.770 GC heap after
{Heap after GC invocations=862 (full 0):
 garbage-first heap   total 264192K, used 29164K [0x0000000700000000, 0x0000000800000000)
  region size 2048K, 1 young (2048K), 1 survivors (2048K)
 Metaspace       used 15475K, committed 15680K, reserved 1114112K
  class space    used 1423K, committed 1536K, reserved 1048576K
}
Event: 217.011 GC heap before
{Heap before GC invocations=862 (full 0):
 garbage-first heap   total 264192K, used 184812K [0x0000000700000000, 0x0000000800000000)
  region size 2048K, 77 young (157696K), 1 survivors (2048K)
 Metaspace       used 15475K, committed 15680K, reserved 1114112K
  class space    used 1423K, committed 1536K, reserved 1048576K
}
Event: 217.012 GC heap after
{Heap after GC invocations=863 (full 0):
 garbage-first heap   total 264192K, used 29236K [0x0000000700000000, 0x0000000800000000)
  region size 2048K, 1 young (2048K), 1 survivors (2048K)
 Metaspace       used 15475K, committed 15680K, reserved 1114112K
  class space    used 1423K, committed 1536K, reserved 1048576K
}
Event: 217.755 GC heap before
{Heap before GC invocations=863 (full 0):
 garbage-first heap   total 264192K, used 184884K [0x0000000700000000, 0x0000000800000000)
  region size 2048K, 77 young (157696K), 1 survivors (2048K)
 Metaspace       used 15475K, committed 15680K, reserved 1114112K
  class space    used 1423K, committed 1536K, reserved 1048576K
}
Event: 217.756 GC heap after
{Heap after GC invocations=864 (full 0):
 garbage-first heap   total 264192K, used 29200K [0x0000000700000000, 0x0000000800000000)
  region size 2048K, 1 young (2048K), 1 survivors (2048K)
 Metaspace       used 15475K, committed 15680K, reserved 1114112K
  class space    used 1423K, committed 1536K, reserved 1048576K
}

Dll operation events (8 events):
Event: 0.009 Loaded shared library /Library/Java/JavaVirtualMachines/temurin-21.jdk/Contents/Home/lib/libjava.dylib
Event: 0.160 Loaded shared library /Library/Java/JavaVirtualMachines/temurin-21.jdk/Contents/Home/lib/libnio.dylib
Event: 0.164 Loaded shared library /Library/Java/JavaVirtualMachines/temurin-21.jdk/Contents/Home/lib/libjimage.dylib
Event: 0.182 Loaded shared library /Library/Java/JavaVirtualMachines/temurin-21.jdk/Contents/Home/lib/libzip.dylib
Event: 0.211 Loaded shared library /Library/Java/JavaVirtualMachines/temurin-21.jdk/Contents/Home/lib/libawt.dylib
Event: 0.213 Loaded shared library /Library/Java/JavaVirtualMachines/temurin-21.jdk/Contents/Home/lib/libawt_lwawt.dylib
Event: 0.253 Loaded shared library /Library/Java/JavaVirtualMachines/temurin-21.jdk/Contents/Home/lib/libfontmanager.dylib
Event: 0.592 Loaded shared library /Library/Java/JavaVirtualMachines/temurin-21.jdk/Contents/Home/lib/libosxui.dylib

Deoptimization events (20 events):
Event: 176.806 Thread 0x00007f8a9795ee00 DEOPT PACKING pc=0x000000010dccbb0f sp=0x000070001031b6d0
Event: 176.806 Thread 0x00007f8a9795ee00 DEOPT UNPACKING pc=0x0000000114dcf72f sp=0x000070001031abf0 mode 0
Event: 176.818 Thread 0x00007f8a9795ee00 DEOPT PACKING pc=0x000000010dccbb0f sp=0x000070001031b6d0
Event: 176.818 Thread 0x00007f8a9795ee00 DEOPT UNPACKING pc=0x0000000114dcf72f sp=0x000070001031abf0 mode 0
Event: 176.830 Thread 0x00007f8a9795ee00 DEOPT PACKING pc=0x000000010dccbb0f sp=0x000070001031b6d0
Event: 176.830 Thread 0x00007f8a9795ee00 DEOPT UNPACKING pc=0x0000000114dcf72f sp=0x000070001031abf0 mode 0
Event: 176.842 Thread 0x00007f8a9795ee00 DEOPT PACKING pc=0x000000010dccbb0f sp=0x000070001031b6d0
Event: 176.842 Thread 0x00007f8a9795ee00 DEOPT UNPACKING pc=0x0000000114dcf72f sp=0x000070001031abf0 mode 0
Event: 176.854 Thread 0x00007f8a9795ee00 DEOPT PACKING pc=0x000000010dccbb0f sp=0x000070001031b6d0
Event: 176.854 Thread 0x00007f8a9795ee00 DEOPT UNPACKING pc=0x0000000114dcf72f sp=0x000070001031abf0 mode 0
Event: 176.877 Thread 0x00007f8a9795ee00 DEOPT PACKING pc=0x000000010dccbb0f sp=0x000070001031b6d0
Event: 176.877 Thread 0x00007f8a9795ee00 DEOPT UNPACKING pc=0x0000000114dcf72f sp=0x000070001031abf0 mode 0
Event: 176.895 Thread 0x00007f8a9795ee00 DEOPT PACKING pc=0x000000010dccbb0f sp=0x000070001031b6d0
Event: 176.895 Thread 0x00007f8a9795ee00 DEOPT UNPACKING pc=0x0000000114dcf72f sp=0x000070001031abf0 mode 0
Event: 176.914 Thread 0x00007f8a9795ee00 DEOPT PACKING pc=0x000000010dccbb0f sp=0x000070001031b6d0
Event: 176.914 Thread 0x00007f8a9795ee00 DEOPT UNPACKING pc=0x0000000114dcf72f sp=0x000070001031abf0 mode 0
Event: 179.333 Thread 0x00007f8a9795ee00 Uncommon trap: trap_request=0xffffff45 fr.pc=0x00000001153b8c80 relative=0x00000000000005c0
Event: 179.333 Thread 0x00007f8a9795ee00 Uncommon trap: reason=unstable_if action=reinterpret pc=0x00000001153b8c80 method=Memory.setMemory(II)V @ 333 c2
Event: 179.333 Thread 0x00007f8a9795ee00 DEOPT PACKING pc=0x00000001153b8c80 sp=0x000070001031b690
Event: 179.333 Thread 0x00007f8a9795ee00 DEOPT UNPACKING pc=0x0000000114dcef99 sp=0x000070001031b640 mode 2

Classes loaded (20 events):
Event: 3.405 Loading class javax/swing/Popup$HeavyWeightWindow
Event: 3.405 Loading class sun/awt/ModalExclude
Event: 3.405 Loading class sun/awt/ModalExclude done
Event: 3.405 Loading class javax/swing/JWindow
Event: 3.405 Loading class javax/swing/JWindow done
Event: 3.405 Loading class javax/swing/Popup$HeavyWeightWindow done
Event: 34.615 Loading class java/security/DomainCombiner
Event: 34.615 Loading class java/security/DomainCombiner done
Event: 67.471 Loading class javax/swing/JMenu
Event: 67.472 Loading class javax/swing/MenuElement
Event: 67.472 Loading class javax/swing/MenuElement done
Event: 67.472 Loading class javax/swing/JMenuItem
Event: 67.474 Loading class javax/swing/AbstractButton
Event: 67.476 Loading class java/awt/ItemSelectable
Event: 67.476 Loading class java/awt/ItemSelectable done
Event: 67.476 Loading class javax/swing/AbstractButton done
Event: 67.477 Loading class javax/swing/JMenuItem done
Event: 67.477 Loading class javax/swing/JMenu done
Event: 94.041 Loading class java/awt/image/BufferedImageOp
Event: 94.041 Loading class java/awt/image/BufferedImageOp done

Classes unloaded (0 events):
No events

Classes redefined (0 events):
No events

Internal exceptions (20 events):
Event: 0.239 Thread 0x00007f8a9880e000 Exception <a 'java/io/FileNotFoundException'{0x000000070fc479b8}> (0x000000070fc479b8) 
thrown [src/hotspot/share/prims/jni.cpp, line 520]
Event: 0.251 Thread 0x00007f8a9880e000 Exception <a 'java/lang/ClassNotFoundException'{0x000000070fc523c0}: sun/awt/resources/spi/awtosxProvider> (0x000000070fc523c0) 
thrown [src/hotspot/share/classfile/systemDictionary.cpp, line 312]
Event: 0.588 Thread 0x00007f8a9795ee00 Exception <a 'java/lang/NoSuchMethodError'{0x000000070fd8bd60}: 'void java.lang.invoke.DirectMethodHandle$Holder.invokeSpecial(java.lang.Object, java.lang.Object, java.lang.Object)'> (0x000000070fd8bd60) 
thrown [src/hotspot/share/interpreter/linkResolver.cpp, line 773]
Event: 0.600 Thread 0x00007f8a9795ee00 Exception <a 'java/lang/NoSuchMethodError'{0x000000070fda2820}: 'void java.lang.invoke.DirectMethodHandle$Holder.invokeStaticInit(java.lang.Object)'> (0x000000070fda2820) 
thrown [src/hotspot/share/interpreter/linkResolver.cpp, line 773]
Event: 0.614 Thread 0x00007f8a9795ee00 Exception <a 'java/lang/NoSuchMethodError'{0x000000070fdc6820}: 'java.lang.Object java.lang.invoke.DirectMethodHandle$Holder.newInvokeSpecial(java.lang.Object, java.lang.Object, java.lang.Object, java.lang.Object, java.lang.Object)'> (0x000000070fdc6820) 
thrown [src/hotspot/share/interpreter/linkResolver.cpp, line 773]
Event: 0.622 Thread 0x00007f8a9795ee00 Exception <a 'java/lang/NoSuchMethodError'{0x000000070fdf33f0}: 'java.lang.Object java.lang.invoke.DirectMethodHandle$Holder.invokeStatic(java.lang.Object, int, java.lang.Object)'> (0x000000070fdf33f0) 
thrown [src/hotspot/share/interpreter/linkResolver.cpp, line 773]
Event: 0.631 Thread 0x00007f8a9795ee00 Exception <a 'java/lang/ClassNotFoundException'{0x000000070fa20a88}: com/apple/laf/resources/spi/aquaProvider> (0x000000070fa20a88) 
thrown [src/hotspot/share/classfile/systemDictionary.cpp, line 312]
Event: 0.660 Thread 0x00007f8a9795ee00 Exception <a 'java/lang/ClassNotFoundException'{0x000000070fa86a90}: com/sun/swing/internal/plaf/basic/resources/spi/basicProvider> (0x000000070fa86a90) 
thrown [src/hotspot/share/classfile/systemDictionary.cpp, line 312]
Event: 0.674 Thread 0x00007f8a9795ee00 Exception <a 'java/lang/NoSuchMethodError'{0x000000070faa73e8}: 'int java.lang.invoke.Invokers$Holder.invokeExact_MT(java.lang.Object, java.lang.Object)'> (0x000000070faa73e8) 
thrown [src/hotspot/share/interpreter/linkResolver.cpp, line 773]
Event: 0.764 Thread 0x00007f8a98979e00 Exception <a 'java/lang/NoSuchMethodError'{0x000000070f9dcb00}: 'java.lang.Object java.lang.invoke.DirectMethodHandle$Holder.newInvokeSpecial(java.lang.Object, java.lang.Object, java.lang.Object, int, int, int, int, int)'> (0x000000070f9dcb00) 
thrown [src/hotspot/share/interpreter/linkResolver.cpp, line 773]
Event: 0.839 Thread 0x00007f8a9795ee00 Exception <a 'java/lang/NoSuchMethodError'{0x000000070f9a0d48}: 'void java.lang.invoke.Invokers$Holder.invokeExact_MT(java.lang.Object, java.lang.Object, java.lang.Object, java.lang.Object)'> (0x000000070f9a0d48) 
thrown [src/hotspot/share/interpreter/linkResolver.cpp, line 773]
Event: 0.846 Thread 0x00007f8a9795ee00 Exception <a 'java/lang/NoSuchMethodError'{0x000000070f9acb70}: 'java.lang.Object java.lang.invoke.DirectMethodHandle$Holder.newInvokeSpecial(java.lang.Object, java.lang.Object, java.lang.Object, int, java.lang.Object)'> (0x000000070f9acb70) 
thrown [src/hotspot/share/interpreter/linkResolver.cpp, line 773]
Event: 0.876 Thread 0x00007f8a9795ee00 Exception <a 'java/lang/NoSuchMethodError'{0x000000070f9b81b0}: 'void java.lang.invoke.DirectMethodHandle$Holder.invokeStatic(java.lang.Object, int, long)'> (0x000000070f9b81b0) 
thrown [src/hotspot/share/interpreter/linkResolver.cpp, line 773]
Event: 0.896 Thread 0x00007f8a9795ee00 Exception <a 'java/lang/NoSuchMethodError'{0x000000070f7985d0}: 'java.lang.Object java.lang.invoke.Invokers$Holder.linkToTargetMethod(int, int, int, int, java.lang.Object)'> (0x000000070f7985d0) 
thrown [src/hotspot/share/interpreter/linkResolver.cpp, line 773]
Event: 0.897 Thread 0x00007f8a9795ee00 Exception <a 'java/lang/NoSuchMethodError'{0x000000070f79c108}: 'void java.lang.invoke.DirectMethodHandle$Holder.invokeStatic(java.lang.Object, java.lang.Object, long)'> (0x000000070f79c108) 
thrown [src/hotspot/share/interpreter/linkResolver.cpp, line 773]
Event: 0.958 Thread 0x00007f8a9795ee00 Exception <a 'java/lang/NoSuchMethodError'{0x000000070f7b10c8}: 'void java.lang.invoke.DirectMethodHandle$Holder.invokeStatic(java.lang.Object, long, long)'> (0x000000070f7b10c8) 
thrown [src/hotspot/share/interpreter/linkResolver.cpp, line 773]
Event: 0.960 Thread 0x00007f8a9795ee00 Exception <a 'java/lang/NoSuchMethodError'{0x000000070f7ba7b8}: 'java.lang.Object java.lang.invoke.DirectMethodHandle$Holder.newInvokeSpecial(java.lang.Object, long)'> (0x000000070f7ba7b8) 
thrown [src/hotspot/share/interpreter/linkResolver.cpp, line 773]
Event: 0.962 Thread 0x00007f8a9724d200 Exception <a 'java/lang/NoSuchMethodError'{0x000000070f7c36e8}: 'void java.lang.invoke.DirectMethodHandle$Holder.invokeStatic(java.lang.Object, long)'> (0x000000070f7c36e8) 
thrown [src/hotspot/share/interpreter/linkResolver.cpp, line 773]
Event: 0.963 Thread 0x00007f8a9795ee00 Exception <a 'java/lang/NoSuchMethodError'{0x000000070f7fc0c0}: 'void java.lang.invoke.DirectMethodHandle$Holder.invokeSpecial(java.lang.Object, java.lang.Object, long)'> (0x000000070f7fc0c0) 
thrown [src/hotspot/share/interpreter/linkResolver.cpp, line 773]
Event: 0.967 Thread 0x00007f8a9795ee00 Exception <a 'java/lang/NoSuchMethodError'{0x000000070f4be2c8}: 'java.lang.Object java.lang.invoke.DirectMethodHandle$Holder.newInvokeSpecial(java.lang.Object, java.lang.Object, int)'> (0x000000070f4be2c8) 
thrown [src/hotspot/share/interpreter/linkResolver.cpp, line 773]

ZGC Phase Switch (0 events):
No events

VM Operations (20 events):
Event: 211.954 Executing VM operation: G1CollectForAllocation (G1 Evacuation Pause)
Event: 211.954 Executing VM operation: G1CollectForAllocation (G1 Evacuation Pause) done
Event: 215.234 Executing VM operation: G1CollectForAllocation (GCLocker Initiated GC)
Event: 215.245 Executing VM operation: G1CollectForAllocation (GCLocker Initiated GC) done
Event: 215.546 Executing VM operation: G1CollectForAllocation (G1 Evacuation Pause)
Event: 215.547 Executing VM operation: G1CollectForAllocation (G1 Evacuation Pause) done
Event: 215.791 Executing VM operation: G1CollectForAllocation (G1 Evacuation Pause)
Event: 215.792 Executing VM operation: G1CollectForAllocation (G1 Evacuation Pause) done
Event: 216.033 Executing VM operation: G1CollectForAllocation (G1 Evacuation Pause)
Event: 216.035 Executing VM operation: G1CollectForAllocation (G1 Evacuation Pause) done
Event: 216.276 Executing VM operation: G1CollectForAllocation (G1 Evacuation Pause)
Event: 216.277 Executing VM operation: G1CollectForAllocation (G1 Evacuation Pause) done
Event: 216.527 Executing VM operation: G1CollectForAllocation (G1 Evacuation Pause)
Event: 216.528 Executing VM operation: G1CollectForAllocation (G1 Evacuation Pause) done
Event: 216.768 Executing VM operation: G1CollectForAllocation (G1 Evacuation Pause)
Event: 216.770 Executing VM operation: G1CollectForAllocation (G1 Evacuation Pause) done
Event: 217.011 Executing VM operation: G1CollectForAllocation (G1 Evacuation Pause)
Event: 217.012 Executing VM operation: G1CollectForAllocation (G1 Evacuation Pause) done
Event: 217.755 Executing VM operation: G1CollectForAllocation (G1 Evacuation Pause)
Event: 217.757 Executing VM operation: G1CollectForAllocation (G1 Evacuation Pause) done

Memory protections (20 events):
Event: 0.072 Protecting memory [0x000070000f778000,0x000070000f77c000] with protection modes 0
Event: 0.074 Protecting memory [0x000070000f87b000,0x000070000f87f000] with protection modes 0
Event: 0.074 Protecting memory [0x000070000f97e000,0x000070000f982000] with protection modes 0
Event: 0.074 Protecting memory [0x000070000fa81000,0x000070000fa85000] with protection modes 0
Event: 0.074 Protecting memory [0x000070000fb84000,0x000070000fb88000] with protection modes 0
Event: 0.074 Protecting memory [0x000070000fc87000,0x000070000fc8b000] with protection modes 0
Event: 0.115 Protecting memory [0x000070000fd8a000,0x000070000fd8e000] with protection modes 0
Event: 0.118 Protecting memory [0x000070000fe8d000,0x000070000fe91000] with protection modes 0
Event: 0.260 Protecting memory [0x00007ffeec78a000,0x00007ffeec78e000] with protection modes 0
Event: 0.366 Protecting memory [0x000070000ff90000,0x000070000ff94000] with protection modes 0
Event: 0.538 Protecting memory [0x000070001021c000,0x0000700010220000] with protection modes 0
Event: 0.540 Protecting memory [0x000070000ecd4000,0x000070000ecd8000] with protection modes 3
Event: 0.540 Protecting memory [0x000070000ecd4000,0x000070000ecd8000] with protection modes 0
Event: 0.562 Protecting memory [0x000070001031f000,0x0000700010323000] with protection modes 0
Event: 0.566 Protecting memory [0x0000700010422000,0x0000700010426000] with protection modes 0
Event: 0.754 Protecting memory [0x0000700010525000,0x0000700010529000] with protection modes 0
Event: 0.981 Protecting memory [0x00007000106ab000,0x00007000106af000] with protection modes 0
Event: 1.805 Protecting memory [0x0000700010ab7000,0x0000700010abb000] with protection modes 0
Event: 2.793 Protecting memory [0x0000700010ab7000,0x0000700010abb000] with protection modes 3
Event: 5.827 Protecting memory [0x0000700010525000,0x0000700010529000] with protection modes 3

Nmethod flushes (0 events):
No events

Events (20 events):
Event: 0.072 Thread 0x00007f8a9880e000 Thread added: 0x00007f8a9703fc00
Event: 0.074 Thread 0x00007f8a9880e000 Thread added: 0x00007f8a98873600
Event: 0.074 Thread 0x00007f8a9880e000 Thread added: 0x00007f8a98876000
Event: 0.074 Thread 0x00007f8a9880e000 Thread added: 0x00007f8a9704a600
Event: 0.074 Thread 0x00007f8a9880e000 Thread added: 0x00007f8a9704ae00
Event: 0.074 Thread 0x00007f8a9880e000 Thread added: 0x00007f8a9704b600
Event: 0.115 Thread 0x00007f8a9880e000 Thread added: 0x00007f8a9982ac00
Event: 0.118 Thread 0x00007f8a9880e000 Thread added: 0x00007f8a98843a00
Event: 0.260 Thread 0x00007f8a9724d200 Thread added: 0x00007f8a9724d200
Event: 0.365 Thread 0x00007f8a9724d200 Thread added: 0x00007f8a99828200
Event: 0.538 Thread 0x00007f8a9880e000 Thread added: 0x00007f8a9795ee00
Event: 0.540 Thread 0x00007f8a9880e000 Thread exited: 0x00007f8a9880e000
Event: 0.540 Thread 0x00007f8a9880e000 Thread added: 0x00007f8a9880e000
Event: 0.562 Thread 0x00007f8a9795ee00 Thread added: 0x00007f8a97808e00
Event: 0.566 Thread 0x00007f8a9795ee00 Thread added: 0x00007f8a98953000
Event: 0.754 Thread 0x00007f8a9795ee00 Thread added: 0x00007f8a98979e00
Event: 0.981 Thread 0x00007f8a9795ee00 Thread added: 0x00007f8a97958e00
Event: 1.805 Thread 0x00007f8a9704b600 Thread added: 0x00007f8a98aa4800
Event: 2.793 Thread 0x00007f8a98aa4800 Thread exited: 0x00007f8a98aa4800
Event: 5.827 Thread 0x00007f8a98979e00 Thread exited: 0x00007f8a98979e00


Dynamic libraries:
0x0000000102c8a000 	/Library/Java/JavaVirtualMachines/temurin-21.jdk/Contents/Home/lib/libjli.dylib
0x00007fff35b34000 	/System/Library/Frameworks/Cocoa.framework/Versions/A/Cocoa
0x00007fff4319b000 	/System/Library/Frameworks/Security.framework/Versions/A/Security
0x00007fff34a9a000 	/System/Library/Frameworks/ApplicationServices.framework/Versions/A/ApplicationServices
0x00007fff6d560000 	/usr/lib/libSystem.B.dylib
0x00007fff369e7000 	/System/Library/Frameworks/CoreFoundation.framework/Versions/A/CoreFoundation
0x00007fff390cc000 	/System/Library/Frameworks/Foundation.framework/Versions/C/Foundation
0x00007fff6f459000 	/usr/lib/libobjc.A.dylib
0x00007fff33c8c000 	/System/Library/Frameworks/AppKit.framework/Versions/C/AppKit
0x00007fff364b8000 	/System/Library/Frameworks/CoreData.framework/Versions/A/CoreData
0x00007fff677bb000 	/System/Library/PrivateFrameworks/UIFoundation.framework/Versions/A/UIFoundation
0x00007fff6284f000 	/System/Library/PrivateFrameworks/RemoteViewServices.framework/Versions/A/RemoteViewServices
0x00007fff6a0d0000 	/System/Library/PrivateFrameworks/XCTTargetBootstrap.framework/Versions/A/XCTTargetBootstrap
0x00007fff368b4000 	/System/Library/Frameworks/CoreDisplay.framework/Versions/A/CoreDisplay
0x00007fff3bf8b000 	/System/Library/Frameworks/Metal.framework/Versions/A/Metal
0x00007fff5084c000 	/System/Library/PrivateFrameworks/DesktopServicesPriv.framework/Versions/A/DesktopServicesPriv
0x00007fff6e734000 	/usr/lib/liblangid.dylib
0x00007fff4fae1000 	/System/Library/PrivateFrameworks/CoreSVG.framework/Versions/A/CoreSVG
0x00007fff659ab000 	/System/Library/PrivateFrameworks/SkyLight.framework/Versions/A/SkyLight
0x00007fff36e69000 	/System/Library/Frameworks/CoreGraphics.framework/Versions/A/CoreGraphics
0x00007fff325fb000 	/System/Library/Frameworks/Accelerate.framework/Versions/A/Accelerate
0x00007fff6fa1d000 	/usr/lib/libxml2.2.dylib
0x00007fff5b7d8000 	/System/Library/PrivateFrameworks/IconServices.framework/Versions/A/IconServices
0x00007fff398ab000 	/System/Library/Frameworks/IOSurface.framework/Versions/A/IOSurface
0x00007fff6d08a000 	/usr/lib/libDiagnosticMessagesClient.dylib
0x00007fff6fb2c000 	/usr/lib/libz.1.dylib
0x00007fff506a6000 	/System/Library/PrivateFrameworks/DFRFoundation.framework/Versions/A/DFRFoundation
0x00007fff6e4c3000 	/usr/lib/libicucore.A.dylib
0x00007fff34dcc000 	/System/Library/Frameworks/AudioToolbox.framework/Versions/A/AudioToolbox
0x00007fff34eaf000 	/System/Library/Frameworks/AudioUnit.framework/Versions/A/AudioUnit
0x00007fff6d7f8000 	/usr/lib/libauto.dylib
0x00007fff50748000 	/System/Library/PrivateFrameworks/DataDetectorsCore.framework/Versions/A/DataDetectorsCore
0x00007fff35655000 	/System/Library/Frameworks/Carbon.framework/Versions/A/Frameworks/HIToolbox.framework/Versions/A/HIToolbox
0x00007fff42394000 	/System/Library/Frameworks/QuartzCore.framework/Versions/A/QuartzCore
0x00007fff35994000 	/System/Library/Frameworks/Carbon.framework/Versions/A/Frameworks/SpeechRecognition.framework/Versions/A/SpeechRecognition
0x00007fff501ba000 	/System/Library/PrivateFrameworks/CoreUI.framework/Versions/A/CoreUI
0x00007fff35f23000 	/System/Library/Frameworks/CoreAudio.framework/Versions/A/CoreAudio
0x00007fff38d8a000 	/System/Library/Frameworks/DiskArbitration.framework/Versions/A/DiskArbitration
0x00007fff5d828000 	/System/Library/PrivateFrameworks/MultitouchSupport.framework/Versions/A/MultitouchSupport
0x00007fff6e388000 	/usr/lib/libenergytrace.dylib
0x00007fff39805000 	/System/Library/Frameworks/IOKit.framework/Versions/A/IOKit
0x00007fff37df4000 	/System/Library/Frameworks/CoreServices.framework/Versions/A/CoreServices
0x00007fff5f9e2000 	/System/Library/PrivateFrameworks/PerformanceAnalysis.framework/Versions/A/PerformanceAnalysis
0x00007fff413c7000 	/System/Library/Frameworks/OpenGL.framework/Versions/A/OpenGL
0x00007fff35b42000 	/System/Library/Frameworks/ColorSync.framework/Versions/A/ColorSync
0x00007fff3750f000 	/System/Library/Frameworks/CoreImage.framework/Versions/A/CoreImage
0x00007fff38868000 	/System/Library/Frameworks/CoreText.framework/Versions/A/CoreText
0x00007fff3993b000 	/System/Library/Frameworks/ImageIO.framework/Versions/A/ImageIO
0x00007fff6d8dc000 	/usr/lib/libc++.1.dylib
0x00007fff6d958000 	/usr/lib/libcompression.dylib
0x00007fff6d3ce000 	/usr/lib/libMobileGestalt.dylib
0x00007fff67525000 	/System/Library/PrivateFrameworks/TextureIO.framework/Versions/A/TextureIO
0x00007fff6d6c5000 	/usr/lib/libate.dylib
0x00007fff5b9e1000 	/System/Library/PrivateFrameworks/InternationalSupport.framework/Versions/A/InternationalSupport
0x00007fff703ed000 	/usr/lib/system/libcache.dylib
0x00007fff703f3000 	/usr/lib/system/libcommonCrypto.dylib
0x00007fff703ff000 	/usr/lib/system/libcompiler_rt.dylib
0x00007fff70407000 	/usr/lib/system/libcopyfile.dylib
0x00007fff70411000 	/usr/lib/system/libcorecrypto.dylib
0x00007fff705b0000 	/usr/lib/system/libdispatch.dylib
0x00007fff705f1000 	/usr/lib/system/libdyld.dylib
0x00007fff70628000 	/usr/lib/system/libkeymgr.dylib
0x00007fff70636000 	/usr/lib/system/liblaunch.dylib
0x00007fff70637000 	/usr/lib/system/libmacho.dylib
0x00007fff7063d000 	/usr/lib/system/libquarantine.dylib
0x00007fff70640000 	/usr/lib/system/libremovefile.dylib
0x00007fff70642000 	/usr/lib/system/libsystem_asl.dylib
0x00007fff7065a000 	/usr/lib/system/libsystem_blocks.dylib
0x00007fff7065b000 	/usr/lib/system/libsystem_c.dylib
0x00007fff706e3000 	/usr/lib/system/libsystem_configuration.dylib
0x00007fff706e7000 	/usr/lib/system/libsystem_coreservices.dylib
0x00007fff706eb000 	/usr/lib/system/libsystem_darwin.dylib
0x00007fff706f4000 	/usr/lib/system/libsystem_dnssd.dylib
0x00007fff706fc000 	/usr/lib/system/libsystem_featureflags.dylib
0x00007fff706fe000 	/usr/lib/system/libsystem_info.dylib
0x00007fff70779000 	/usr/lib/system/libsystem_m.dylib
0x00007fff707c5000 	/usr/lib/system/libsystem_malloc.dylib
0x00007fff707ed000 	/usr/lib/system/libsystem_networkextension.dylib
0x00007fff707fb000 	/usr/lib/system/libsystem_notify.dylib
0x00007fff70819000 	/usr/lib/system/libsystem_sandbox.dylib
0x00007fff7081e000 	/usr/lib/system/libsystem_secinit.dylib
0x00007fff7074c000 	/usr/lib/system/libsystem_kernel.dylib
0x00007fff70805000 	/usr/lib/system/libsystem_platform.dylib
0x00007fff7080e000 	/usr/lib/system/libsystem_pthread.dylib
0x00007fff70821000 	/usr/lib/system/libsystem_symptoms.dylib
0x00007fff70829000 	/usr/lib/system/libsystem_trace.dylib
0x00007fff70841000 	/usr/lib/system/libunwind.dylib
0x00007fff70847000 	/usr/lib/system/libxpc.dylib
0x00007fff6d92f000 	/usr/lib/libc++abi.dylib
0x00007fff6e736000 	/usr/lib/liblzma.5.dylib
0x00007fff6e3b1000 	/usr/lib/libfakelink.dylib
0x00007fff6d652000 	/usr/lib/libarchive.2.dylib
0x00007fff4424e000 	/System/Library/Frameworks/SystemConfiguration.framework/Versions/A/SystemConfiguration
0x00007fff6cfbd000 	/usr/lib/libCRFSuite.dylib
0x00007fff35246000 	/System/Library/Frameworks/CFNetwork.framework/Versions/A/CFNetwork
0x00007fff6d8be000 	/usr/lib/libbsm.0.dylib
0x00007fff70629000 	/usr/lib/system/libkxld.dylib
0x00007fff4a008000 	/System/Library/PrivateFrameworks/AppleFSCompression.framework/Versions/A/AppleFSCompression
0x00007fff6dc4a000 	/usr/lib/libcoretls.dylib
0x00007fff6dc61000 	/usr/lib/libcoretls_cfhelpers.dylib
0x00007fff6f49e000 	/usr/lib/libpam.2.dylib
0x00007fff6f5d3000 	/usr/lib/libsqlite3.dylib
0x00007fff6fa0a000 	/usr/lib/libxar.1.dylib
0x00007fff6d8cf000 	/usr/lib/libbz2.1.0.dylib
0x00007fff6e3d2000 	/usr/lib/libiconv.2.dylib
0x00007fff6d945000 	/usr/lib/libcharset.1.dylib
0x00007fff6ef3c000 	/usr/lib/libnetwork.dylib
0x00007fff6f4a5000 	/usr/lib/libpcap.A.dylib
0x00007fff6d607000 	/usr/lib/libapple_nghttp2.dylib
0x00007fff381ab000 	/System/Library/Frameworks/CoreServices.framework/Versions/A/Frameworks/FSEvents.framework/Versions/A/FSEvents
0x00007fff37e7b000 	/System/Library/Frameworks/CoreServices.framework/Versions/A/Frameworks/CarbonCore.framework/Versions/A/CarbonCore
0x00007fff383f0000 	/System/Library/Frameworks/CoreServices.framework/Versions/A/Frameworks/Metadata.framework/Versions/A/Metadata
0x00007fff38489000 	/System/Library/Frameworks/CoreServices.framework/Versions/A/Frameworks/OSServices.framework/Versions/A/OSServices
0x00007fff384b7000 	/System/Library/Frameworks/CoreServices.framework/Versions/A/Frameworks/SearchKit.framework/Versions/A/SearchKit
0x00007fff37df5000 	/System/Library/Frameworks/CoreServices.framework/Versions/A/Frameworks/AE.framework/Versions/A/AE
0x00007fff381b4000 	/System/Library/Frameworks/CoreServices.framework/Versions/A/Frameworks/LaunchServices.framework/Versions/A/LaunchServices
0x00007fff3815d000 	/System/Library/Frameworks/CoreServices.framework/Versions/A/Frameworks/DictionaryServices.framework/Versions/A/DictionaryServices
0x00007fff3851f000 	/System/Library/Frameworks/CoreServices.framework/Versions/A/Frameworks/SharedFileList.framework/Versions/A/SharedFileList
0x00007fff3d1e6000 	/System/Library/Frameworks/NetFS.framework/Versions/A/NetFS
0x00007fff5dd58000 	/System/Library/PrivateFrameworks/NetAuth.framework/Versions/A/NetAuth
0x00007fff6a49d000 	/System/Library/PrivateFrameworks/login.framework/Versions/A/Frameworks/loginsupport.framework/Versions/A/loginsupport
0x00007fff66ff0000 	/System/Library/PrivateFrameworks/TCC.framework/Versions/A/TCC
0x00007fff4ec3e000 	/System/Library/PrivateFrameworks/CoreNLP.framework/Versions/A/CoreNLP
0x00007fff5d255000 	/System/Library/PrivateFrameworks/MetadataUtilities.framework/Versions/A/MetadataUtilities
0x00007fff6e80e000 	/usr/lib/libmecabra.dylib
0x00007fff6e766000 	/usr/lib/libmecab.dylib
0x00007fff6e3c2000 	/usr/lib/libgermantok.dylib
0x00007fff6d5ee000 	/usr/lib/libThaiTokenizer.dylib
0x00007fff6cff4000 	/usr/lib/libChineseTokenizer.dylib
0x00007fff32614000 	/System/Library/Frameworks/Accelerate.framework/Versions/A/Frameworks/vImage.framework/Versions/A/vImage
0x00007fff33ae2000 	/System/Library/Frameworks/Accelerate.framework/Versions/A/Frameworks/vecLib.framework/Versions/A/vecLib
0x00007fff33963000 	/System/Library/Frameworks/Accelerate.framework/Versions/A/Frameworks/vecLib.framework/Versions/A/libvMisc.dylib
0x00007fff337d0000 	/System/Library/Frameworks/Accelerate.framework/Versions/A/Frameworks/vecLib.framework/Versions/A/libvDSP.dylib
0x00007fff32eb0000 	/System/Library/Frameworks/Accelerate.framework/Versions/A/Frameworks/vecLib.framework/Versions/A/libBLAS.dylib
0x00007fff33388000 	/System/Library/Frameworks/Accelerate.framework/Versions/A/Frameworks/vecLib.framework/Versions/A/libLAPACK.dylib
0x00007fff33730000 	/System/Library/Frameworks/Accelerate.framework/Versions/A/Frameworks/vecLib.framework/Versions/A/libLinearAlgebra.dylib
0x00007fff337bd000 	/System/Library/Frameworks/Accelerate.framework/Versions/A/Frameworks/vecLib.framework/Versions/A/libSparseBLAS.dylib
0x00007fff33746000 	/System/Library/Frameworks/Accelerate.framework/Versions/A/Frameworks/vecLib.framework/Versions/A/libQuadrature.dylib
0x00007fff33046000 	/System/Library/Frameworks/Accelerate.framework/Versions/A/Frameworks/vecLib.framework/Versions/A/libBNNS.dylib
0x00007fff3374c000 	/System/Library/Frameworks/Accelerate.framework/Versions/A/Frameworks/vecLib.framework/Versions/A/libSparse.dylib
0x00007fff5bdc9000 	/System/Library/PrivateFrameworks/LanguageModeling.framework/Versions/A/LanguageModeling
0x00007fff4e5ed000 	/System/Library/PrivateFrameworks/CoreEmoji.framework/Versions/A/CoreEmoji
0x00007fff5bee7000 	/System/Library/PrivateFrameworks/LinguisticData.framework/Versions/A/LinguisticData
0x00007fff5be98000 	/System/Library/PrivateFrameworks/Lexicon.framework/Versions/A/Lexicon
0x00007fff6d946000 	/usr/lib/libcmph.dylib
0x00007fff3fdd5000 	/System/Library/Frameworks/OpenDirectory.framework/Versions/A/Frameworks/CFOpenDirectory.framework/Versions/A/CFOpenDirectory
0x00007fff3fdf2000 	/System/Library/Frameworks/OpenDirectory.framework/Versions/A/OpenDirectory
0x00007fff48238000 	/System/Library/PrivateFrameworks/APFS.framework/Versions/A/APFS
0x00007fff434e7000 	/System/Library/Frameworks/SecurityFoundation.framework/Versions/A/SecurityFoundation
0x00007fff6fa06000 	/usr/lib/libutil.dylib
0x00007fff4fb39000 	/System/Library/PrivateFrameworks/CoreServicesStore.framework/Versions/A/CoreServicesStore
0x00007fff4359e000 	/System/Library/Frameworks/ServiceManagement.framework/Versions/A/ServiceManagement
0x00007fff4b7da000 	/System/Library/PrivateFrameworks/BackgroundTaskManagement.framework/Versions/A/BackgroundTaskManagement
0x00007fff6fb03000 	/usr/lib/libxslt.1.dylib
0x00007fff4a67c000 	/System/Library/PrivateFrameworks/AppleSystemInfo.framework/Versions/A/AppleSystemInfo
0x00007fff39b5a000 	/System/Library/Frameworks/ImageIO.framework/Versions/A/Resources/libJPEG.dylib
0x00007fff39e19000 	/System/Library/Frameworks/ImageIO.framework/Versions/A/Resources/libTIFF.dylib
0x00007fff39dfc000 	/System/Library/Frameworks/ImageIO.framework/Versions/A/Resources/libPng.dylib
0x00007fff39a9c000 	/System/Library/Frameworks/ImageIO.framework/Versions/A/Resources/libGIF.dylib
0x00007fff39aa0000 	/System/Library/Frameworks/ImageIO.framework/Versions/A/Resources/libJP2.dylib
0x00007fff39e17000 	/System/Library/Frameworks/ImageIO.framework/Versions/A/Resources/libRadiance.dylib
0x00007fff6e389000 	/usr/lib/libexpat.1.dylib
0x00007fff4a163000 	/System/Library/PrivateFrameworks/AppleJPEG.framework/Versions/A/AppleJPEG
0x00007fff52e38000 	/System/Library/PrivateFrameworks/FontServices.framework/libFontParser.dylib
0x00007fff6949f000 	/System/Library/PrivateFrameworks/WatchdogClient.framework/Versions/A/WatchdogClient
0x00007fff5b424000 	/System/Library/PrivateFrameworks/IOAccelerator.framework/Versions/A/IOAccelerator
0x00007fff3c326000 	/System/Library/Frameworks/MetalPerformanceShaders.framework/Versions/A/MetalPerformanceShaders
0x00007fff57bb4000 	/System/Library/PrivateFrameworks/GPUWrangler.framework/Versions/A/GPUWrangler
0x00007fff5b439000 	/System/Library/PrivateFrameworks/IOPresentment.framework/Versions/A/IOPresentment
0x00007fff506b9000 	/System/Library/PrivateFrameworks/DSExternalDisplay.framework/Versions/A/DSExternalDisplay
0x00007fff40766000 	/System/Library/Frameworks/OpenGL.framework/Versions/A/Libraries/libCoreFSCache.dylib
0x00007fff3c072000 	/System/Library/Frameworks/MetalPerformanceShaders.framework/Frameworks/MPSCore.framework/Versions/A/MPSCore
0x00007fff3c0b0000 	/System/Library/Frameworks/MetalPerformanceShaders.framework/Frameworks/MPSImage.framework/Versions/A/MPSImage
0x00007fff3c177000 	/System/Library/Frameworks/MetalPerformanceShaders.framework/Frameworks/MPSNeuralNetwork.framework/Versions/A/MPSNeuralNetwork
0x00007fff3c13b000 	/System/Library/Frameworks/MetalPerformanceShaders.framework/Frameworks/MPSMatrix.framework/Versions/A/MPSMatrix
0x00007fff3c2d6000 	/System/Library/Frameworks/MetalPerformanceShaders.framework/Frameworks/MPSRayIntersector.framework/Versions/A/MPSRayIntersector
0x00007fff3c161000 	/System/Library/Frameworks/MetalPerformanceShaders.framework/Frameworks/MPSNDArray.framework/Versions/A/MPSNDArray
0x00007fff5d2a2000 	/System/Library/PrivateFrameworks/MetalTools.framework/Versions/A/MetalTools
0x00007fff49412000 	/System/Library/PrivateFrameworks/AggregateDictionary.framework/Versions/A/AggregateDictionary
0x00007fff4e034000 	/System/Library/PrivateFrameworks/CoreAnalytics.framework/Versions/A/CoreAnalytics
0x00007fff4a59a000 	/System/Library/PrivateFrameworks/AppleSauce.framework/Versions/A/AppleSauce
0x00007fff6d2b0000 	/usr/lib/libIOReport.dylib
0x00007fff38a21000 	/System/Library/Frameworks/CoreVideo.framework/Versions/A/CoreVideo
0x00007fff5902d000 	/System/Library/PrivateFrameworks/GraphVisualizer.framework/Versions/A/GraphVisualizer
0x00007fff5237e000 	/System/Library/PrivateFrameworks/FaceCore.framework/Versions/A/FaceCore
0x00007fff3fd7c000 	/System/Library/Frameworks/OpenCL.framework/Versions/A/OpenCL
0x00007fff6d0d2000 	/usr/lib/libFosl_dynamic.dylib
0x00007fff5e77a000 	/System/Library/PrivateFrameworks/OTSVG.framework/Versions/A/OTSVG
0x00007fff34b9f000 	/System/Library/Frameworks/ApplicationServices.framework/Versions/A/Frameworks/ATS.framework/Versions/A/Resources/libFontRegistry.dylib
0x00007fff53008000 	/System/Library/PrivateFrameworks/FontServices.framework/libhvf.dylib
0x00007fff40771000 	/System/Library/Frameworks/OpenGL.framework/Versions/A/Libraries/libGFXShared.dylib
0x00007fff4094f000 	/System/Library/Frameworks/OpenGL.framework/Versions/A/Libraries/libGLU.dylib
0x00007fff4077a000 	/System/Library/Frameworks/OpenGL.framework/Versions/A/Libraries/libGL.dylib
0x00007fff40785000 	/System/Library/Frameworks/OpenGL.framework/Versions/A/Libraries/libGLImage.dylib
0x00007fff40763000 	/System/Library/Frameworks/OpenGL.framework/Versions/A/Libraries/libCVMSPluginSupport.dylib
0x00007fff4076c000 	/System/Library/Frameworks/OpenGL.framework/Versions/A/Libraries/libCoreVMClient.dylib
0x00007fff6eddd000 	/usr/lib/libncurses.5.4.dylib
0x00007fff34a9b000 	/System/Library/Frameworks/ApplicationServices.framework/Versions/A/Frameworks/ATS.framework/Versions/A/ATS
0x00007fff34c68000 	/System/Library/Frameworks/ApplicationServices.framework/Versions/A/Frameworks/ColorSyncLegacy.framework/Versions/A/ColorSyncLegacy
0x00007fff34d06000 	/System/Library/Frameworks/ApplicationServices.framework/Versions/A/Frameworks/HIServices.framework/Versions/A/HIServices
0x00007fff34d5e000 	/System/Library/Frameworks/ApplicationServices.framework/Versions/A/Frameworks/LangAnalysis.framework/Versions/A/LangAnalysis
0x00007fff34d6d000 	/System/Library/Frameworks/ApplicationServices.framework/Versions/A/Frameworks/PrintCore.framework/Versions/A/PrintCore
0x00007fff34db3000 	/System/Library/Frameworks/ApplicationServices.framework/Versions/A/Frameworks/QD.framework/Versions/A/QD
0x00007fff34dbe000 	/System/Library/Frameworks/ApplicationServices.framework/Versions/A/Frameworks/SpeechSynthesis.framework/Versions/A/SpeechSynthesis
0x00007fff34c38000 	/System/Library/Frameworks/ApplicationServices.framework/Versions/A/Frameworks/ATSUI.framework/Versions/A/ATSUI
0x00007fff6e21f000 	/usr/lib/libcups.2.dylib
0x00007fff3b3c1000 	/System/Library/Frameworks/Kerberos.framework/Versions/A/Kerberos
0x00007fff394fe000 	/System/Library/Frameworks/GSS.framework/Versions/A/GSS
0x00007fff6f55f000 	/usr/lib/libresolv.9.dylib
0x00007fff591da000 	/System/Library/PrivateFrameworks/Heimdal.framework/Versions/A/Heimdal
0x00007fff3b3d4000 	/System/Library/Frameworks/Kerberos.framework/Versions/A/Libraries/libHeimdalProxy.dylib
0x00007fff6e3c8000 	/usr/lib/libheimdal-asn1.dylib
0x00007fff4d4cc000 	/System/Library/PrivateFrameworks/CommonAuth.framework/Versions/A/CommonAuth
0x00007fff4a719000 	/System/Library/PrivateFrameworks/AssertionServices.framework/Versions/A/AssertionServices
0x00007fff4b2bc000 	/System/Library/PrivateFrameworks/AudioToolboxCore.framework/Versions/A/AudioToolboxCore
0x00007fff6a14d000 	/System/Library/PrivateFrameworks/caulk.framework/Versions/A/caulk
0x00007fff4b886000 	/System/Library/PrivateFrameworks/BaseBoard.framework/Versions/A/BaseBoard
0x00007fff629dd000 	/System/Library/PrivateFrameworks/RunningBoardServices.framework/Versions/A/RunningBoardServices
0x00007fff5f9ee000 	/System/Library/PrivateFrameworks/PersistentConnection.framework/Versions/A/PersistentConnection
0x00007fff623d6000 	/System/Library/PrivateFrameworks/ProtocolBuffer.framework/Versions/A/ProtocolBuffer
0x00007fff4d4f0000 	/System/Library/PrivateFrameworks/CommonUtilities.framework/Versions/A/CommonUtilities
0x00007fff4ba14000 	/System/Library/PrivateFrameworks/Bom.framework/Versions/A/Bom
0x00007fff6cf83000 	/usr/lib/libAudioToolboxUtility.dylib
0x00007fff4b7e4000 	/System/Library/PrivateFrameworks/Backup.framework/Versions/A/Backup
0x00007fff505da000 	/System/Library/PrivateFrameworks/CrashReporterSupport.framework/Versions/A/CrashReporterSupport
0x00007fff6446f000 	/System/Library/PrivateFrameworks/Sharing.framework/Versions/A/Sharing
0x00007fff49d26000 	/System/Library/PrivateFrameworks/Apple80211.framework/Versions/A/Apple80211
0x00007fff4b501000 	/System/Library/PrivateFrameworks/AuthKit.framework/Versions/A/AuthKit
0x00007fff502e7000 	/System/Library/PrivateFrameworks/CoreUtils.framework/Versions/A/CoreUtils
0x00007fff38a66000 	/System/Library/Frameworks/CoreWLAN.framework/Versions/A/CoreWLAN
0x00007fff3968b000 	/System/Library/Frameworks/IOBluetooth.framework/Versions/A/IOBluetooth
0x00007fff5d5a7000 	/System/Library/PrivateFrameworks/MobileKeyBag.framework/Versions/A/MobileKeyBag
0x00007fff4f0d6000 	/System/Library/PrivateFrameworks/CorePhoneNumbers.framework/Versions/A/CorePhoneNumbers
0x00007fff4a116000 	/System/Library/PrivateFrameworks/AppleIDAuthSupport.framework/Versions/A/AppleIDAuthSupport
0x00007fff3d1f3000 	/System/Library/Frameworks/Network.framework/Versions/A/Network
0x00007fff5bc75000 	/System/Library/PrivateFrameworks/KeychainCircle.framework/Versions/A/KeychainCircle
0x00007fff3647f000 	/System/Library/Frameworks/CoreBluetooth.framework/Versions/A/CoreBluetooth
0x00007fff664ee000 	/System/Library/PrivateFrameworks/SpeechRecognitionCore.framework/Versions/A/SpeechRecognitionCore
0x0000000103600000 	/Library/Java/JavaVirtualMachines/temurin-21.jdk/Contents/Home/lib/server/libjvm.dylib
0x0000000102cc0000 	/Library/Java/JavaVirtualMachines/temurin-21.jdk/Contents/Home/lib/libjimage.dylib
0x0000000102d1a000 	/Library/Java/JavaVirtualMachines/temurin-21.jdk/Contents/Home/lib/libjava.dylib
0x0000000102da6000 	/Library/Java/JavaVirtualMachines/temurin-21.jdk/Contents/Home/lib/libnio.dylib
0x0000000102dc2000 	/Library/Java/JavaVirtualMachines/temurin-21.jdk/Contents/Home/lib/libnet.dylib
0x0000000102dd6000 	/Library/Java/JavaVirtualMachines/temurin-21.jdk/Contents/Home/lib/libzip.dylib
0x0000000104af2000 	/Library/Java/JavaVirtualMachines/temurin-21.jdk/Contents/Home/lib/libawt.dylib
0x0000000104bae000 	/Library/Java/JavaVirtualMachines/temurin-21.jdk/Contents/Home/lib/libmlib_image.dylib
0x00007fff3b3b4000 	/System/Library/Frameworks/JavaVM.framework/Versions/A/Frameworks/JavaRuntimeSupport.framework/Versions/A/JavaRuntimeSupport
0x00007fff3b3ab000 	/System/Library/Frameworks/JavaVM.framework/Versions/A/Frameworks/JavaNativeFoundation.framework/Versions/A/JavaNativeFoundation
0x00007fff3b3bc000 	/System/Library/Frameworks/JavaVM.framework/Versions/A/JavaVM
0x00007fff35650000 	/System/Library/Frameworks/Carbon.framework/Versions/A/Carbon
0x00007fff5008c000 	/System/Library/PrivateFrameworks/CoreSymbolication.framework/Versions/A/CoreSymbolication
0x00007fff5ba8c000 	/System/Library/PrivateFrameworks/JavaLaunching.framework/Versions/A/JavaLaunching
0x00007fff35651000 	/System/Library/Frameworks/Carbon.framework/Versions/A/Frameworks/CommonPanels.framework/Versions/A/CommonPanels
0x00007fff3594a000 	/System/Library/Frameworks/Carbon.framework/Versions/A/Frameworks/Help.framework/Versions/A/Help
0x00007fff3594e000 	/System/Library/Frameworks/Carbon.framework/Versions/A/Frameworks/ImageCapture.framework/Versions/A/ImageCapture
0x00007fff35955000 	/System/Library/Frameworks/Carbon.framework/Versions/A/Frameworks/OpenScripting.framework/Versions/A/OpenScripting
0x00007fff35954000 	/System/Library/Frameworks/Carbon.framework/Versions/A/Frameworks/Ink.framework/Versions/A/Ink
0x00007fff35990000 	/System/Library/Frameworks/Carbon.framework/Versions/A/Frameworks/Print.framework/Versions/A/Print
0x00007fff35991000 	/System/Library/Frameworks/Carbon.framework/Versions/A/Frameworks/SecurityHI.framework/Versions/A/SecurityHI
0x00007fff5080e000 	/System/Library/PrivateFrameworks/DebugSymbols.framework/Versions/A/DebugSymbols
0x0000000104c66000 	/Library/Java/JavaVirtualMachines/temurin-21.jdk/Contents/Home/lib/libawt_lwawt.dylib
0x0000000104d9a000 	/Library/Java/JavaVirtualMachines/temurin-21.jdk/Contents/Home/lib/libosxapp.dylib
0x00007fff38f66000 	/System/Library/Frameworks/ExceptionHandling.framework/Versions/A/ExceptionHandling
0x0000000104dc6000 	/Library/Java/JavaVirtualMachines/temurin-21.jdk/Contents/Home/lib/libfontmanager.dylib
0x0000000104efe000 	/Library/Java/JavaVirtualMachines/temurin-21.jdk/Contents/Home/lib/libfreetype.dylib
0x00007fff4fb05000 	/System/Library/PrivateFrameworks/CoreServicesInternal.framework/Versions/A/CoreServicesInternal
0x00007fff38f85000 	/System/Library/Frameworks/FileProvider.framework/Versions/A/FileProvider
0x00007fff33ae3000 	/System/Library/Frameworks/Accounts.framework/Versions/A/Accounts
0x00007fff57ed9000 	/System/Library/PrivateFrameworks/GenerationalStorage.framework/Versions/A/GenerationalStorage
0x00007fff66d30000 	/System/Library/PrivateFrameworks/SymptomDiagnosticReporter.framework/Versions/A/SymptomDiagnosticReporter
0x00007fff4982a000 	/System/Library/PrivateFrameworks/AppContainer.framework/Versions/A/AppContainer
0x00007fff6f579000 	/usr/lib/libsandbox.1.dylib
0x00007fff68442000 	/System/Library/PrivateFrameworks/UserManagement.framework/Versions/A/UserManagement
0x00007fff4c5d0000 	/System/Library/PrivateFrameworks/ChunkingLibrary.framework/Versions/A/ChunkingLibrary
0x00007fff4989c000 	/System/Library/PrivateFrameworks/AppSandbox.framework/Versions/A/AppSandbox
0x00007fff642f9000 	/System/Library/PrivateFrameworks/SecCodeWrapper.framework/Versions/A/SecCodeWrapper
0x00007fff6d398000 	/usr/lib/libMatch.1.dylib
0x00007fff29a68000 	/System/Library/CoreServices/RawCamera.bundle/Contents/MacOS/RawCamera
0x00007fff5d3d1000 	/System/Library/PrivateFrameworks/MobileAsset.framework/Versions/A/MobileAsset
0x00007fff66bd8000 	/System/Library/PrivateFrameworks/StreamingZip.framework/Versions/A/StreamingZip
0x00007fff3b83c000 	/System/Library/Frameworks/MediaToolbox.framework/Versions/A/MediaToolbox
0x00007fff4dfe4000 	/System/Library/PrivateFrameworks/CoreAVCHD.framework/Versions/A/CoreAVCHD
0x00007fff3b766000 	/System/Library/Frameworks/MediaAccessibility.framework/Versions/A/MediaAccessibility
0x00007fff5c785000 	/System/Library/PrivateFrameworks/Mangrove.framework/Versions/A/Mangrove
0x00007fff37c2c000 	/System/Library/Frameworks/CoreMedia.framework/Versions/A/CoreMedia
0x00007fff5c9f1000 	/System/Library/PrivateFrameworks/MediaExperience.framework/Versions/A/MediaExperience
0x00007fff44548000 	/System/Library/Frameworks/VideoToolbox.framework/Versions/A/VideoToolbox
0x00007fff4dc0e000 	/System/Library/PrivateFrameworks/CoreAUC.framework/Versions/A/CoreAUC
0x00007fff6f5d1000 	/usr/lib/libspindump.dylib
0x00007fff4ac6b000 	/System/Library/PrivateFrameworks/AudioResourceArbitration.framework/Versions/A/AudioResourceArbitration
0x00007fff4a680000 	/System/Library/PrivateFrameworks/AppleVA.framework/Versions/A/AppleVA
0x00007fff325fc000 	/System/Library/Frameworks/Accelerate.framework/Versions/A/Frameworks/vImage.framework/Versions/A/Libraries/libCGInterfaces.dylib
0x0000000105127000 	/usr/lib/libobjc-trampolines.dylib
0x00007fff52f70000 	/System/Library/PrivateFrameworks/FontServices.framework/libTrueTypeScaler.dylib
0x00007fff2c896000 	/System/Library/Extensions/AppleIntelHD4000GraphicsMTLDriver.bundle/Contents/MacOS/AppleIntelHD4000GraphicsMTLDriver
0x00007fff564f9000 	/System/Library/PrivateFrameworks/GPUCompiler.framework/Versions/3902/Libraries/libmetal_timestamp.dylib
0x00007fff6920e000 	/System/Library/PrivateFrameworks/ViewBridge.framework/Versions/A/ViewBridge
0x000000012ad8e000 	/Library/Java/JavaVirtualMachines/temurin-21.jdk/Contents/Home/lib/libosxui.dylib
0x00007fff6a4a0000 	/System/Library/PrivateFrameworks/login.framework/Versions/A/login
0x00007fff66daa000 	/System/Library/PrivateFrameworks/SystemAdministration.framework/Versions/A/SystemAdministration
0x00007fff50d36000 	/System/Library/PrivateFrameworks/DiskManagement.framework/Versions/A/DiskManagement
0x00007fff38caf000 	/System/Library/Frameworks/DirectoryService.framework/Versions/A/DirectoryService
0x00007fff50c6d000 	/System/Library/PrivateFrameworks/DiskImages.framework/Versions/A/DiskImages
0x00007fff5bf90000 	/System/Library/PrivateFrameworks/LoginUIKit.framework/Versions/A/Frameworks/LoginUICore.framework/Versions/A/LoginUICore
0x00007fff6cfff000 	/usr/lib/libCoreStorage.dylib
0x00007fff6e20c000 	/usr/lib/libcsfde.dylib
0x00007fff6f48c000 	/usr/lib/libodfde.dylib
0x00007fff5ca7c000 	/System/Library/PrivateFrameworks/MediaKit.framework/Versions/A/MediaKit
0x00007fff38cbb000 	/System/Library/Frameworks/DiscRecording.framework/Versions/A/DiscRecording
0x00007fff50eec000 	/System/Library/PrivateFrameworks/EFILogin.framework/Versions/A/EFILogin
0x00007fff6237b000 	/System/Library/PrivateFrameworks/ProtectedCloudStorage.framework/Versions/A/ProtectedCloudStorage
0x00007fff6e280000 	/usr/lib/libcurl.4.dylib
0x00007fff6e105000 	/usr/lib/libcrypto.44.dylib
0x00007fff6f8a9000 	/usr/lib/libssl.46.dylib
0x00007fff3b3d5000 	/System/Library/Frameworks/LDAP.framework/Versions/A/LDAP
0x00007fff67782000 	/System/Library/PrivateFrameworks/TrustEvaluationAgent.framework/Versions/A/TrustEvaluationAgent
0x00007fff6f5be000 	/usr/lib/libsasl2.2.dylib
0x00007fff4e361000 	/System/Library/PrivateFrameworks/CoreDaemon.framework/Versions/B/CoreDaemon
0x00007fff4a595000 	/System/Library/PrivateFrameworks/AppleSRP.framework/Versions/A/AppleSRP


VM Arguments:
java_command: Main
java_class_path (initial): src:lib/org.json.jar
Launcher Type: SUN_STANDARD

[Global flags]
     intx CICompilerCount                          = 3                                         {product} {ergonomic}
     uint ConcGCThreads                            = 1                                         {product} {ergonomic}
     uint G1ConcRefinementThreads                  = 4                                         {product} {ergonomic}
   size_t G1HeapRegionSize                         = 2097152                                   {product} {ergonomic}
    uintx GCDrainStackTargetSize                   = 64                                        {product} {ergonomic}
   size_t InitialHeapSize                          = 268435456                                 {product} {ergonomic}
   size_t MarkStackSize                            = 4194304                                   {product} {ergonomic}
   size_t MaxHeapSize                              = 4294967296                                {product} {ergonomic}
   size_t MaxNewSize                               = 2575302656                                {product} {ergonomic}
   size_t MinHeapDeltaBytes                        = 2097152                                   {product} {ergonomic}
   size_t MinHeapSize                              = 8388608                                   {product} {ergonomic}
    uintx NonNMethodCodeHeapSize                   = 5832780                                {pd product} {ergonomic}
    uintx NonProfiledCodeHeapSize                  = 122912730                              {pd product} {ergonomic}
    uintx ProfiledCodeHeapSize                     = 122912730                              {pd product} {ergonomic}
    uintx ReservedCodeCacheSize                    = 251658240                              {pd product} {ergonomic}
     bool SegmentedCodeCache                       = true                                      {product} {ergonomic}
   size_t SoftMaxHeapSize                          = 4294967296                             {manageable} {ergonomic}
     bool UseCompressedOops                        = true                           {product lp64_product} {ergonomic}
     bool UseG1GC                                  = true                                      {product} {ergonomic}
     bool UseNUMA                                  = false                                     {product} {ergonomic}
     bool UseNUMAInterleaving                      = false                                     {product} {ergonomic}

Logging:
Log output configuration:
 #0: stdout all=warning uptime,level,tags foldmultilines=false
 #1: stderr all=off uptime,level,tags foldmultilines=false

Environment Variables:
PATH=/usr/local/bin:/usr/bin:/bin:/usr/sbin:/sbin:/usr/local/share/dotnet:~/.dotnet/tools
SHELL=/bin/zsh
LANG=en_US.UTF-8
TERM=xterm-256color
TMPDIR=/var/folders/16/pr5q439n7ql6l7v1xn9zpxp80000gr/T/

Active Locale:
LC_ALL=en_US.UTF-8
LC_COLLATE=en_US.UTF-8
LC_CTYPE=en_US.UTF-8
LC_MESSAGES=en_US.UTF-8
LC_MONETARY=en_US.UTF-8
LC_NUMERIC=en_US.UTF-8
LC_TIME=en_US.UTF-8

Signal Handlers:
   SIGSEGV: crash_handler in libjvm.dylib, mask=11100110000111110111111111111111, flags=SA_ONSTACK|SA_RESTART|SA_SIGINFO, unblocked
    SIGBUS: crash_handler in libjvm.dylib, mask=11100110000111110111111111111111, flags=SA_RESTART|SA_SIGINFO, unblocked
    SIGFPE: crash_handler in libjvm.dylib, mask=11100110000111110111111111111111, flags=SA_RESTART|SA_SIGINFO, unblocked
   SIGPIPE: javaSignalHandler in libjvm.dylib, mask=11100110000111110111111111111111, flags=SA_RESTART|SA_SIGINFO, blocked
   SIGXFSZ: javaSignalHandler in libjvm.dylib, mask=11100110000111110111111111111111, flags=SA_RESTART|SA_SIGINFO, blocked
    SIGILL: crash_handler in libjvm.dylib, mask=11100110000111110111111111111111, flags=SA_RESTART|SA_SIGINFO, unblocked
   SIGUSR2: SR_handler in libjvm.dylib, mask=00000000000000000000000000000000, flags=SA_RESTART|SA_SIGINFO, blocked
    SIGHUP: UserHandler in libjvm.dylib, mask=11100110000111110111111111111111, flags=SA_RESTART|SA_SIGINFO, blocked
    SIGINT: UserHandler in libjvm.dylib, mask=11100110000111110111111111111111, flags=SA_RESTART|SA_SIGINFO, blocked
   SIGTERM: UserHandler in libjvm.dylib, mask=11100110000111110111111111111111, flags=SA_RESTART|SA_SIGINFO, blocked
   SIGQUIT: UserHandler in libjvm.dylib, mask=11100110000111110111111111111111, flags=SA_RESTART|SA_SIGINFO, blocked
   SIGTRAP: crash_handler in libjvm.dylib, mask=11100110000111110111111111111111, flags=SA_RESTART|SA_SIGINFO, unblocked


Periodic native trim disabled

---------------  S Y S T E M  ---------------

OS:
uname: Darwin 19.6.0 Darwin Kernel Version 19.6.0: Tue Jun 21 21:18:39 PDT 2022; root:xnu-6153.141.66~1/RELEASE_X86_64 x86_64
OS uptime: 24 days 20:34 hours
rlimit (soft/hard): STACK 8192k/65532k , CORE 0k/infinity , NPROC 2784/4176 , NOFILE 24576/infinity , AS infinity/infinity , CPU infinity/infinity , DATA infinity/infinity , FSIZE infinity/infinity , MEMLOCK infinity/infinity , RSS infinity/infinity
load average: 3.28 4.23 4.68

CPU: total 4 (initial active 4) (2 cores per cpu, 2 threads per core) family 6 model 58 stepping 9 microcode 0x21, cx8, cmov, fxsr, ht, mmx, sse, sse2, sse3, ssse3, sse4.1, sse4.2, popcnt, tsc, tscinvbit, avx, aes, erms, clmul, vzeroupper, clflush, rdtscp, f16c
machdep.cpu.brand_string:Intel(R) Core(TM) i5-3210M CPU @ 2.50GHz
hw.cpufrequency:2500000000
hw.cpufrequency_min:2500000000
hw.cpufrequency_max:2500000000
hw.cachelinesize:64
hw.l1icachesize:32768
hw.l1dcachesize:32768
hw.l2cachesize:262144
hw.l3cachesize:3145728

Memory: 4k page, physical 16777216k(6074936k free), swap 2097152k(1011968k free)

vm_info: OpenJDK 64-Bit Server VM (21.0.6+7-LTS) for bsd-amd64 JRE (21.0.6+7-LTS), built on 2025-01-21T00:00:00Z by "admin" with clang Apple LLVM 15.0.0 (clang-1500.1.0.2.5)

END.
